<?xml version="1.0" encoding="UTF-8"?>
<testsuite name="com.sakdd.springboot.SpringBoot09HibernateIntegrationApplicationTests" time="0.01" tests="1" errors="1" skipped="0" failures="0">
  <properties>
[...]
</properties>
  <testcase name="contextLoads" classname="com.sakdd.springboot.SpringBoot09HibernateIntegrationApplicationTests" time="0.01">
    <error message="Failed to load ApplicationContext" type="java.lang.IllegalStateException">java.lang.IllegalStateException: Failed to load ApplicationContext
	at org.springframework.test.context.cache.DefaultCacheAwareContextLoaderDelegate.loadContext(DefaultCacheAwareContextLoaderDelegate.java:124)
	at org.springframework.test.context.support.DefaultTestContext.getApplicationContext(DefaultTestContext.java:83)
	at org.springframework.test.context.web.ServletTestExecutionListener.setUpRequestContextIfNecessary(ServletTestExecutionListener.java:189)
	at org.springframework.test.context.web.ServletTestExecutionListener.prepareTestInstance(ServletTestExecutionListener.java:131)
	at org.springframework.test.context.TestContextManager.prepareTestInstance(TestContextManager.java:230)
	at org.springframework.test.context.junit4.SpringJUnit4ClassRunner.createTest(SpringJUnit4ClassRunner.java:228)
	at org.springframework.test.context.junit4.SpringJUnit4ClassRunner$1.runReflectiveCall(SpringJUnit4ClassRunner.java:287)
	at org.junit.internal.runners.model.ReflectiveCallable.run(ReflectiveCallable.java:12)
	at org.springframework.test.context.junit4.SpringJUnit4ClassRunner.methodBlock(SpringJUnit4ClassRunner.java:289)
	at org.springframework.test.context.junit4.SpringJUnit4ClassRunner.runChild(SpringJUnit4ClassRunner.java:247)
	at org.springframework.test.context.junit4.SpringJUnit4ClassRunner.runChild(SpringJUnit4ClassRunner.java:94)
	at org.junit.runners.ParentRunner$3.run(ParentRunner.java:290)
	at org.junit.runners.ParentRunner$1.schedule(ParentRunner.java:71)
	at org.junit.runners.ParentRunner.runChildren(ParentRunner.java:288)
	at org.junit.runners.ParentRunner.access$000(ParentRunner.java:58)
	at org.junit.runners.ParentRunner$2.evaluate(ParentRunner.java:268)
	at org.springframework.test.context.junit4.statements.RunBeforeTestClassCallbacks.evaluate(RunBeforeTestClassCallbacks.java:61)
	at org.springframework.test.context.junit4.statements.RunAfterTestClassCallbacks.evaluate(RunAfterTestClassCallbacks.java:70)
	at org.junit.runners.ParentRunner.run(ParentRunner.java:363)
	at org.springframework.test.context.junit4.SpringJUnit4ClassRunner.run(SpringJUnit4ClassRunner.java:191)
	at org.apache.maven.surefire.junit4.JUnit4Provider.execute(JUnit4Provider.java:283)
	at org.apache.maven.surefire.junit4.JUnit4Provider.executeWithRerun(JUnit4Provider.java:173)
	at org.apache.maven.surefire.junit4.JUnit4Provider.executeTestSet(JUnit4Provider.java:153)
	at org.apache.maven.surefire.junit4.JUnit4Provider.invoke(JUnit4Provider.java:128)
	at org.apache.maven.surefire.booter.ForkedBooter.invokeProviderInSameClassLoader(ForkedBooter.java:203)
	at org.apache.maven.surefire.booter.ForkedBooter.runSuitesInProcess(ForkedBooter.java:155)
	at org.apache.maven.surefire.booter.ForkedBooter.main(ForkedBooter.java:103)
Caused by: org.springframework.beans.factory.UnsatisfiedDependencyException: Error creating bean with name 'studentController': Unsatisfied dependency expressed through field 'studentService'; nested exception is org.springframework.beans.factory.NoSuchBeanDefinitionException: No qualifying bean of type 'com.sakdd.springboot.service.StudentService' available: expected at least 1 bean which qualifies as autowire candidate. Dependency annotations: {@org.springframework.beans.factory.annotation.Autowired(required=true)}
	at org.springframework.beans.factory.annotation.AutowiredAnnotationBeanPostProcessor$AutowiredFieldElement.inject(AutowiredAnnotationBeanPostProcessor.java:586)
	at org.springframework.beans.factory.annotation.InjectionMetadata.inject(InjectionMetadata.java:87)
	at org.springframework.beans.factory.annotation.AutowiredAnnotationBeanPostProcessor.postProcessPropertyValues(AutowiredAnnotationBeanPostProcessor.java:364)
	at org.springframework.beans.factory.support.AbstractAutowireCapableBeanFactory.populateBean(AbstractAutowireCapableBeanFactory.java:1269)
	at org.springframework.beans.factory.support.AbstractAutowireCapableBeanFactory.doCreateBean(AbstractAutowireCapableBeanFactory.java:551)
	at org.springframework.beans.factory.support.AbstractAutowireCapableBeanFactory.createBean(AbstractAutowireCapableBeanFactory.java:481)
	at org.springframework.beans.factory.support.AbstractBeanFactory$1.getObject(AbstractBeanFactory.java:312)
	at org.springframework.beans.factory.support.DefaultSingletonBeanRegistry.getSingleton(DefaultSingletonBeanRegistry.java:230)
	at org.springframework.beans.factory.support.AbstractBeanFactory.doGetBean(AbstractBeanFactory.java:308)
	at org.springframework.beans.factory.support.AbstractBeanFactory.getBean(AbstractBeanFactory.java:197)
	at org.springframework.beans.factory.support.DefaultListableBeanFactory.preInstantiateSingletons(DefaultListableBeanFactory.java:761)
	at org.springframework.context.support.AbstractApplicationContext.finishBeanFactoryInitialization(AbstractApplicationContext.java:867)
	at org.springframework.context.support.AbstractApplicationContext.refresh(AbstractApplicationContext.java:543)
	at org.springframework.boot.SpringApplication.refresh(SpringApplication.java:693)
	at org.springframework.boot.SpringApplication.refreshContext(SpringApplication.java:360)
	at org.springframework.boot.SpringApplication.run(SpringApplication.java:303)
	at org.springframework.boot.test.context.SpringBootContextLoader.loadContext(SpringBootContextLoader.java:121)
	at org.springframework.test.context.cache.DefaultCacheAwareContextLoaderDelegate.loadContextInternal(DefaultCacheAwareContextLoaderDelegate.java:98)
	at org.springframework.test.context.cache.DefaultCacheAwareContextLoaderDelegate.loadContext(DefaultCacheAwareContextLoaderDelegate.java:116)
	at org.springframework.test.context.support.DefaultTestContext.getApplicationContext(DefaultTestContext.java:83)
	at org.springframework.test.context.web.ServletTestExecutionListener.setUpRequestContextIfNecessary(ServletTestExecutionListener.java:189)
	at org.springframework.test.context.web.ServletTestExecutionListener.prepareTestInstance(ServletTestExecutionListener.java:131)
	at org.springframework.test.context.TestContextManager.prepareTestInstance(TestContextManager.java:230)
	at org.springframework.test.context.junit4.SpringJUnit4ClassRunner.createTest(SpringJUnit4ClassRunner.java:228)
	at org.springframework.test.context.junit4.SpringJUnit4ClassRunner$1.runReflectiveCall(SpringJUnit4ClassRunner.java:287)
	at org.junit.internal.runners.model.ReflectiveCallable.run(ReflectiveCallable.java:12)
	at org.springframework.test.context.junit4.SpringJUnit4ClassRunner.methodBlock(SpringJUnit4ClassRunner.java:289)
	at org.springframework.test.context.junit4.SpringJUnit4ClassRunner.runChild(SpringJUnit4ClassRunner.java:247)
	at org.springframework.test.context.junit4.SpringJUnit4ClassRunner.runChild(SpringJUnit4ClassRunner.java:94)
	at org.junit.runners.ParentRunner$3.run(ParentRunner.java:290)
	at org.junit.runners.ParentRunner$1.schedule(ParentRunner.java:71)
	at org.junit.runners.ParentRunner.runChildren(ParentRunner.java:288)
	at org.junit.runners.ParentRunner.access$000(ParentRunner.java:58)
	at org.junit.runners.ParentRunner$2.evaluate(ParentRunner.java:268)
	at org.springframework.test.context.junit4.statements.RunBeforeTestClassCallbacks.evaluate(RunBeforeTestClassCallbacks.java:61)
	at org.springframework.test.context.junit4.statements.RunAfterTestClassCallbacks.evaluate(RunAfterTestClassCallbacks.java:70)
	at org.junit.runners.ParentRunner.run(ParentRunner.java:363)
	at org.springframework.test.context.junit4.SpringJUnit4ClassRunner.run(SpringJUnit4ClassRunner.java:191)
	at org.apache.maven.surefire.junit4.JUnit4Provider.execute(JUnit4Provider.java:283)
	at org.apache.maven.surefire.junit4.JUnit4Provider.executeWithRerun(JUnit4Provider.java:173)
	at org.apache.maven.surefire.junit4.JUnit4Provider.executeTestSet(JUnit4Provider.java:153)
	at org.apache.maven.surefire.junit4.JUnit4Provider.invoke(JUnit4Provider.java:128)
	at org.apache.maven.surefire.booter.ForkedBooter.invokeProviderInSameClassLoader(ForkedBooter.java:203)
	at org.apache.maven.surefire.booter.ForkedBooter.runSuitesInProcess(ForkedBooter.java:155)
	at org.apache.maven.surefire.booter.ForkedBooter.main(ForkedBooter.java:103)
Caused by: org.springframework.beans.factory.NoSuchBeanDefinitionException: No qualifying bean of type 'com.sakdd.springboot.service.StudentService' available: expected at least 1 bean which qualifies as autowire candidate. Dependency annotations: {@org.springframework.beans.factory.annotation.Autowired(required=true)}
	at org.springframework.beans.factory.support.DefaultListableBeanFactory.raiseNoMatchingBeanFound(DefaultListableBeanFactory.java:1491)
	at org.springframework.beans.factory.support.DefaultListableBeanFactory.doResolveDependency(DefaultListableBeanFactory.java:1102)
	at org.springframework.beans.factory.support.DefaultListableBeanFactory.resolveDependency(DefaultListableBeanFactory.java:1064)
	at org.springframework.beans.factory.annotation.AutowiredAnnotationBeanPostProcessor$AutowiredFieldElement.inject(AutowiredAnnotationBeanPostProcessor.java:583)
	at org.springframework.beans.factory.annotation.InjectionMetadata.inject(InjectionMetadata.java:87)
	at org.springframework.beans.factory.annotation.AutowiredAnnotationBeanPostProcessor.postProcessPropertyValues(AutowiredAnnotationBeanPostProcessor.java:364)
	at org.springframework.beans.factory.support.AbstractAutowireCapableBeanFactory.populateBean(AbstractAutowireCapableBeanFactory.java:1269)
	at org.springframework.beans.factory.support.AbstractAutowireCapableBeanFactory.doCreateBean(AbstractAutowireCapableBeanFactory.java:551)
	at org.springframework.beans.factory.support.AbstractAutowireCapableBeanFactory.createBean(AbstractAutowireCapableBeanFactory.java:481)
	at org.springframework.beans.factory.support.AbstractBeanFactory$1.getObject(AbstractBeanFactory.java:312)
	at org.springframework.beans.factory.support.DefaultSingletonBeanRegistry.getSingleton(DefaultSingletonBeanRegistry.java:230)
	at org.springframework.beans.factory.support.AbstractBeanFactory.doGetBean(AbstractBeanFactory.java:308)
	at org.springframework.beans.factory.support.AbstractBeanFactory.getBean(AbstractBeanFactory.java:197)
	at org.springframework.beans.factory.support.DefaultListableBeanFactory.preInstantiateSingletons(DefaultListableBeanFactory.java:761)
	at org.springframework.context.support.AbstractApplicationContext.finishBeanFactoryInitialization(AbstractApplicationContext.java:867)
	at org.springframework.context.support.AbstractApplicationContext.refresh(AbstractApplicationContext.java:543)
	at org.springframework.boot.SpringApplication.refresh(SpringApplication.java:693)
	at org.springframework.boot.SpringApplication.refreshContext(SpringApplication.java:360)
	at org.springframework.boot.SpringApplication.run(SpringApplication.java:303)
	at org.springframework.boot.test.context.SpringBootContextLoader.loadContext(SpringBootContextLoader.java:121)
	at org.springframework.test.context.cache.DefaultCacheAwareContextLoaderDelegate.loadContextInternal(DefaultCacheAwareContextLoaderDelegate.java:98)
	at org.springframework.test.context.cache.DefaultCacheAwareContextLoaderDelegate.loadContext(DefaultCacheAwareContextLoaderDelegate.java:116)
	at org.springframework.test.context.support.DefaultTestContext.getApplicationContext(DefaultTestContext.java:83)
	at org.springframework.test.context.web.ServletTestExecutionListener.setUpRequestContextIfNecessary(ServletTestExecutionListener.java:189)
	at org.springframework.test.context.web.ServletTestExecutionListener.prepareTestInstance(ServletTestExecutionListener.java:131)
	at org.springframework.test.context.TestContextManager.prepareTestInstance(TestContextManager.java:230)
	at org.springframework.test.context.junit4.SpringJUnit4ClassRunner.createTest(SpringJUnit4ClassRunner.java:228)
	at org.springframework.test.context.junit4.SpringJUnit4ClassRunner$1.runReflectiveCall(SpringJUnit4ClassRunner.java:287)
	at org.junit.internal.runners.model.ReflectiveCallable.run(ReflectiveCallable.java:12)
	at org.springframework.test.context.junit4.SpringJUnit4ClassRunner.methodBlock(SpringJUnit4ClassRunner.java:289)
	at org.springframework.test.context.junit4.SpringJUnit4ClassRunner.runChild(SpringJUnit4ClassRunner.java:247)
	at org.springframework.test.context.junit4.SpringJUnit4ClassRunner.runChild(SpringJUnit4ClassRunner.java:94)
	at org.junit.runners.ParentRunner$3.run(ParentRunner.java:290)
	at org.junit.runners.ParentRunner$1.schedule(ParentRunner.java:71)
	at org.junit.runners.ParentRunner.runChildren(ParentRunner.java:288)
	at org.junit.runners.ParentRunner.access$000(ParentRunner.java:58)
	at org.junit.runners.ParentRunner$2.evaluate(ParentRunner.java:268)
	at org.springframework.test.context.junit4.statements.RunBeforeTestClassCallbacks.evaluate(RunBeforeTestClassCallbacks.java:61)
	at org.springframework.test.context.junit4.statements.RunAfterTestClassCallbacks.evaluate(RunAfterTestClassCallbacks.java:70)
	at org.junit.runners.ParentRunner.run(ParentRunner.java:363)
	at org.springframework.test.context.junit4.SpringJUnit4ClassRunner.run(SpringJUnit4ClassRunner.java:191)
	at org.apache.maven.surefire.junit4.JUnit4Provider.execute(JUnit4Provider.java:283)
	at org.apache.maven.surefire.junit4.JUnit4Provider.executeWithRerun(JUnit4Provider.java:173)
	at org.apache.maven.surefire.junit4.JUnit4Provider.executeTestSet(JUnit4Provider.java:153)
	at org.apache.maven.surefire.junit4.JUnit4Provider.invoke(JUnit4Provider.java:128)
	at org.apache.maven.surefire.booter.ForkedBooter.invokeProviderInSameClassLoader(ForkedBooter.java:203)
	at org.apache.maven.surefire.booter.ForkedBooter.runSuitesInProcess(ForkedBooter.java:155)
	at org.apache.maven.surefire.booter.ForkedBooter.main(ForkedBooter.java:103)
</error>
    <system-out><![CDATA[17:49:37.619 [main] DEBUG org.springframework.test.context.junit4.SpringJUnit4ClassRunner - SpringJUnit4ClassRunner constructor called with [class com.sakdd.springboot.SpringBoot09HibernateIntegrationApplicationTests]
17:49:37.632 [main] DEBUG org.springframework.test.context.BootstrapUtils - Instantiating CacheAwareContextLoaderDelegate from class [org.springframework.test.context.cache.DefaultCacheAwareContextLoaderDelegate]
17:49:37.659 [main] DEBUG org.springframework.test.context.BootstrapUtils - Instantiating BootstrapContext using constructor [public org.springframework.test.context.support.DefaultBootstrapContext(java.lang.Class,org.springframework.test.context.CacheAwareContextLoaderDelegate)]
17:49:37.694 [main] DEBUG org.springframework.test.context.BootstrapUtils - Instantiating TestContextBootstrapper for test class [com.sakdd.springboot.SpringBoot09HibernateIntegrationApplicationTests] from class [org.springframework.boot.test.context.SpringBootTestContextBootstrapper]
17:49:37.716 [main] INFO org.springframework.boot.test.context.SpringBootTestContextBootstrapper - Neither @ContextConfiguration nor @ContextHierarchy found for test class [com.sakdd.springboot.SpringBoot09HibernateIntegrationApplicationTests], using SpringBootContextLoader
17:49:37.722 [main] DEBUG org.springframework.test.context.support.AbstractContextLoader - Did not detect default resource location for test class [com.sakdd.springboot.SpringBoot09HibernateIntegrationApplicationTests]: class path resource [com/sakdd/springboot/SpringBoot09HibernateIntegrationApplicationTests-context.xml] does not exist
17:49:37.723 [main] DEBUG org.springframework.test.context.support.AbstractContextLoader - Did not detect default resource location for test class [com.sakdd.springboot.SpringBoot09HibernateIntegrationApplicationTests]: class path resource [com/sakdd/springboot/SpringBoot09HibernateIntegrationApplicationTestsContext.groovy] does not exist
17:49:37.723 [main] INFO org.springframework.test.context.support.AbstractContextLoader - Could not detect default resource locations for test class [com.sakdd.springboot.SpringBoot09HibernateIntegrationApplicationTests]: no resource found for suffixes {-context.xml, Context.groovy}.
17:49:37.725 [main] INFO org.springframework.test.context.support.AnnotationConfigContextLoaderUtils - Could not detect default configuration classes for test class [com.sakdd.springboot.SpringBoot09HibernateIntegrationApplicationTests]: SpringBoot09HibernateIntegrationApplicationTests does not declare any static, non-private, non-final, nested classes annotated with @Configuration.
17:49:37.793 [main] DEBUG org.springframework.test.context.support.ActiveProfilesUtils - Could not find an 'annotation declaring class' for annotation type [org.springframework.test.context.ActiveProfiles] and class [com.sakdd.springboot.SpringBoot09HibernateIntegrationApplicationTests]
17:49:37.808 [main] DEBUG org.springframework.core.env.StandardEnvironment - Adding PropertySource 'systemProperties' with lowest search precedence
17:49:37.811 [main] DEBUG org.springframework.core.env.StandardEnvironment - Adding PropertySource 'systemEnvironment' with lowest search precedence
17:49:37.812 [main] DEBUG org.springframework.core.env.StandardEnvironment - Initialized StandardEnvironment with PropertySources [MapPropertySource@377478451 {name='systemProperties', properties={java.runtime.name=Java(TM) SE Runtime Environment, sun.boot.library.path=C:\Program Files\Java\jdk1.8.0_181\jre\bin, java.vm.version=25.181-b13, java.vm.vendor=Oracle Corporation, java.vendor.url=http://java.oracle.com/, path.separator=;, java.vm.name=Java HotSpot(TM) 64-Bit Server VM, file.encoding.pkg=sun.io, user.country=US, user.script=, sun.java.launcher=SUN_STANDARD, sun.os.patch.level=, java.vm.specification.name=Java Virtual Machine Specification, user.dir=C:\Users\dhandapani.sudhakar\Microservices\spring-boot-09-hibernate-integration, java.runtime.version=1.8.0_181-b13, basedir=C:\Users\dhandapani.sudhakar\Microservices\spring-boot-09-hibernate-integration, java.awt.graphicsenv=sun.awt.Win32GraphicsEnvironment, java.endorsed.dirs=C:\Program Files\Java\jdk1.8.0_181\jre\lib\endorsed, os.arch=amd64, surefire.real.class.path=C:\Users\dhandapani.sudhakar\Microservices\spring-boot-09-hibernate-integration\target\surefire\surefirebooter6364015192429314885.jar, java.io.tmpdir=C:\Users\DHANDA~1.SUD\AppData\Local\Temp\, line.separator=
, java.vm.specification.vendor=Oracle Corporation, user.variant=, os.name=Windows 10, sun.jnu.encoding=Cp1252, java.library.path=C:\Program Files\Java\jdk1.8.0_181\jre\bin;C:\WINDOWS\Sun\Java\bin;C:\WINDOWS\system32;C:\WINDOWS;C:/Program Files/Java/jre1.8.0_191/bin/server;C:/Program Files/Java/jre1.8.0_191/bin;C:/Program Files/Java/jre1.8.0_191/lib/amd64;C:\Program Files (x86)\Common Files\Oracle\Java\javapath;C:\apache-maven-3.5.4\bin\SYSTEM;C:\windows\system32\config\systemprofile\AppData\Local\Microsoft\WindowsApps;C:\windows\System32\Wbem;C:\Program Files\Java\jdk1.8.0_181\bin;C:\Program Files\Git\cmd;C:\WINDOWS\system32;C:\WINDOWS;C:\WINDOWS\System32\Wbem;C:\WINDOWS\System32\WindowsPowerShell\v1.0\;C:\WINDOWS\System32\OpenSSH\;C:\Program Files\nodejs\;C:\Program Files (x86)\Yarn\bin\;C:\Program Files (x86)\sbt\bin;C:\Program Files (x86)\scala\bin;C:\apache-maven-3.5.4\bin;C:\Users\dhandapani.sudhakar\AppData\Local\GitHubDesktop\bin;C:\Users\dhandapani.sudhakar\AppData\Local\Microsoft\WindowsApps;C:\Users\dhandapani.sudhakar\AppData\Roaming\npm;C:\Users\dhandapani.sudhakar\AppData\Local\Yarn\bin;C:\Users\dhandapani.sudhakar\AppData\Local\Programs\Microsoft VS Code\bin;C:\Users\dhandapani.sudhakar\Softwares\eclipse-jee-oxygen-M2-win32-x86_64\eclipse;;., surefire.test.class.path=C:\Users\dhandapani.sudhakar\Microservices\spring-boot-09-hibernate-integration\target\test-classes;C:\Users\dhandapani.sudhakar\Microservices\spring-boot-09-hibernate-integration\target\classes;C:\Users\dhandapani.sudhakar\.m2\repository\org\springframework\boot\spring-boot-starter-web\1.5.19.RELEASE\spring-boot-starter-web-1.5.19.RELEASE.jar;C:\Users\dhandapani.sudhakar\.m2\repository\org\springframework\boot\spring-boot-starter\1.5.19.RELEASE\spring-boot-starter-1.5.19.RELEASE.jar;C:\Users\dhandapani.sudhakar\.m2\repository\org\springframework\boot\spring-boot\1.5.19.RELEASE\spring-boot-1.5.19.RELEASE.jar;C:\Users\dhandapani.sudhakar\.m2\repository\org\springframework\boot\spring-boot-autoconfigure\1.5.19.RELEASE\spring-boot-autoconfigure-1.5.19.RELEASE.jar;C:\Users\dhandapani.sudhakar\.m2\repository\org\springframework\boot\spring-boot-starter-logging\1.5.19.RELEASE\spring-boot-starter-logging-1.5.19.RELEASE.jar;C:\Users\dhandapani.sudhakar\.m2\repository\ch\qos\logback\logback-classic\1.1.11\logback-classic-1.1.11.jar;C:\Users\dhandapani.sudhakar\.m2\repository\ch\qos\logback\logback-core\1.1.11\logback-core-1.1.11.jar;C:\Users\dhandapani.sudhakar\.m2\repository\org\slf4j\jul-to-slf4j\1.7.25\jul-to-slf4j-1.7.25.jar;C:\Users\dhandapani.sudhakar\.m2\repository\org\slf4j\log4j-over-slf4j\1.7.25\log4j-over-slf4j-1.7.25.jar;C:\Users\dhandapani.sudhakar\.m2\repository\org\yaml\snakeyaml\1.17\snakeyaml-1.17.jar;C:\Users\dhandapani.sudhakar\.m2\repository\org\springframework\boot\spring-boot-starter-tomcat\1.5.19.RELEASE\spring-boot-starter-tomcat-1.5.19.RELEASE.jar;C:\Users\dhandapani.sudhakar\.m2\repository\org\apache\tomcat\embed\tomcat-embed-core\8.5.37\tomcat-embed-core-8.5.37.jar;C:\Users\dhandapani.sudhakar\.m2\repository\org\apache\tomcat\tomcat-annotations-api\8.5.37\tomcat-annotations-api-8.5.37.jar;C:\Users\dhandapani.sudhakar\.m2\repository\org\apache\tomcat\embed\tomcat-embed-el\8.5.37\tomcat-embed-el-8.5.37.jar;C:\Users\dhandapani.sudhakar\.m2\repository\org\apache\tomcat\embed\tomcat-embed-websocket\8.5.37\tomcat-embed-websocket-8.5.37.jar;C:\Users\dhandapani.sudhakar\.m2\repository\org\hibernate\hibernate-validator\5.3.6.Final\hibernate-validator-5.3.6.Final.jar;C:\Users\dhandapani.sudhakar\.m2\repository\javax\validation\validation-api\1.1.0.Final\validation-api-1.1.0.Final.jar;C:\Users\dhandapani.sudhakar\.m2\repository\org\jboss\logging\jboss-logging\3.3.2.Final\jboss-logging-3.3.2.Final.jar;C:\Users\dhandapani.sudhakar\.m2\repository\com\fasterxml\classmate\1.3.4\classmate-1.3.4.jar;C:\Users\dhandapani.sudhakar\.m2\repository\com\fasterxml\jackson\core\jackson-databind\2.8.11.3\jackson-databind-2.8.11.3.jar;C:\Users\dhandapani.sudhakar\.m2\repository\com\fasterxml\jackson\core\jackson-annotations\2.8.0\jackson-annotations-2.8.0.jar;C:\Users\dhandapani.sudhakar\.m2\repository\com\fasterxml\jackson\core\jackson-core\2.8.11\jackson-core-2.8.11.jar;C:\Users\dhandapani.sudhakar\.m2\repository\org\springframework\spring-web\4.3.22.RELEASE\spring-web-4.3.22.RELEASE.jar;C:\Users\dhandapani.sudhakar\.m2\repository\org\springframework\spring-aop\4.3.22.RELEASE\spring-aop-4.3.22.RELEASE.jar;C:\Users\dhandapani.sudhakar\.m2\repository\org\springframework\spring-beans\4.3.22.RELEASE\spring-beans-4.3.22.RELEASE.jar;C:\Users\dhandapani.sudhakar\.m2\repository\org\springframework\spring-context\4.3.22.RELEASE\spring-context-4.3.22.RELEASE.jar;C:\Users\dhandapani.sudhakar\.m2\repository\org\springframework\spring-webmvc\4.3.22.RELEASE\spring-webmvc-4.3.22.RELEASE.jar;C:\Users\dhandapani.sudhakar\.m2\repository\org\springframework\spring-expression\4.3.22.RELEASE\spring-expression-4.3.22.RELEASE.jar;C:\Users\dhandapani.sudhakar\.m2\repository\org\springframework\boot\spring-boot-starter-data-jpa\1.5.19.RELEASE\spring-boot-starter-data-jpa-1.5.19.RELEASE.jar;C:\Users\dhandapani.sudhakar\.m2\repository\org\springframework\boot\spring-boot-starter-aop\1.5.19.RELEASE\spring-boot-starter-aop-1.5.19.RELEASE.jar;C:\Users\dhandapani.sudhakar\.m2\repository\org\aspectj\aspectjweaver\1.8.13\aspectjweaver-1.8.13.jar;C:\Users\dhandapani.sudhakar\.m2\repository\org\springframework\boot\spring-boot-starter-jdbc\1.5.19.RELEASE\spring-boot-starter-jdbc-1.5.19.RELEASE.jar;C:\Users\dhandapani.sudhakar\.m2\repository\org\apache\tomcat\tomcat-jdbc\8.5.37\tomcat-jdbc-8.5.37.jar;C:\Users\dhandapani.sudhakar\.m2\repository\org\apache\tomcat\tomcat-juli\8.5.37\tomcat-juli-8.5.37.jar;C:\Users\dhandapani.sudhakar\.m2\repository\org\springframework\spring-jdbc\4.3.22.RELEASE\spring-jdbc-4.3.22.RELEASE.jar;C:\Users\dhandapani.sudhakar\.m2\repository\org\hibernate\hibernate-core\5.0.12.Final\hibernate-core-5.0.12.Final.jar;C:\Users\dhandapani.sudhakar\.m2\repository\org\hibernate\javax\persistence\hibernate-jpa-2.1-api\1.0.0.Final\hibernate-jpa-2.1-api-1.0.0.Final.jar;C:\Users\dhandapani.sudhakar\.m2\repository\org\javassist\javassist\3.21.0-GA\javassist-3.21.0-GA.jar;C:\Users\dhandapani.sudhakar\.m2\repository\antlr\antlr\2.7.7\antlr-2.7.7.jar;C:\Users\dhandapani.sudhakar\.m2\repository\org\jboss\jandex\2.0.0.Final\jandex-2.0.0.Final.jar;C:\Users\dhandapani.sudhakar\.m2\repository\dom4j\dom4j\1.6.1\dom4j-1.6.1.jar;C:\Users\dhandapani.sudhakar\.m2\repository\org\hibernate\common\hibernate-commons-annotations\5.0.1.Final\hibernate-commons-annotations-5.0.1.Final.jar;C:\Users\dhandapani.sudhakar\.m2\repository\org\hibernate\hibernate-entitymanager\5.0.12.Final\hibernate-entitymanager-5.0.12.Final.jar;C:\Users\dhandapani.sudhakar\.m2\repository\javax\transaction\javax.transaction-api\1.2\javax.transaction-api-1.2.jar;C:\Users\dhandapani.sudhakar\.m2\repository\org\springframework\data\spring-data-jpa\1.11.18.RELEASE\spring-data-jpa-1.11.18.RELEASE.jar;C:\Users\dhandapani.sudhakar\.m2\repository\org\springframework\data\spring-data-commons\1.13.18.RELEASE\spring-data-commons-1.13.18.RELEASE.jar;C:\Users\dhandapani.sudhakar\.m2\repository\org\springframework\spring-orm\4.3.22.RELEASE\spring-orm-4.3.22.RELEASE.jar;C:\Users\dhandapani.sudhakar\.m2\repository\org\springframework\spring-tx\4.3.22.RELEASE\spring-tx-4.3.22.RELEASE.jar;C:\Users\dhandapani.sudhakar\.m2\repository\org\slf4j\slf4j-api\1.7.25\slf4j-api-1.7.25.jar;C:\Users\dhandapani.sudhakar\.m2\repository\org\slf4j\jcl-over-slf4j\1.7.25\jcl-over-slf4j-1.7.25.jar;C:\Users\dhandapani.sudhakar\.m2\repository\org\springframework\spring-aspects\4.3.22.RELEASE\spring-aspects-4.3.22.RELEASE.jar;C:\Users\dhandapani.sudhakar\.m2\repository\mysql\mysql-connector-java\5.1.47\mysql-connector-java-5.1.47.jar;C:\Users\dhandapani.sudhakar\.m2\repository\org\springframework\boot\spring-boot-starter-test\1.5.19.RELEASE\spring-boot-starter-test-1.5.19.RELEASE.jar;C:\Users\dhandapani.sudhakar\.m2\repository\org\springframework\boot\spring-boot-test\1.5.19.RELEASE\spring-boot-test-1.5.19.RELEASE.jar;C:\Users\dhandapani.sudhakar\.m2\repository\org\springframework\boot\spring-boot-test-autoconfigure\1.5.19.RELEASE\spring-boot-test-autoconfigure-1.5.19.RELEASE.jar;C:\Users\dhandapani.sudhakar\.m2\repository\com\jayway\jsonpath\json-path\2.2.0\json-path-2.2.0.jar;C:\Users\dhandapani.sudhakar\.m2\repository\net\minidev\json-smart\2.2.1\json-smart-2.2.1.jar;C:\Users\dhandapani.sudhakar\.m2\repository\net\minidev\accessors-smart\1.1\accessors-smart-1.1.jar;C:\Users\dhandapani.sudhakar\.m2\repository\org\ow2\asm\asm\5.0.3\asm-5.0.3.jar;C:\Users\dhandapani.sudhakar\.m2\repository\junit\junit\4.12\junit-4.12.jar;C:\Users\dhandapani.sudhakar\.m2\repository\org\assertj\assertj-core\2.6.0\assertj-core-2.6.0.jar;C:\Users\dhandapani.sudhakar\.m2\repository\org\mockito\mockito-core\1.10.19\mockito-core-1.10.19.jar;C:\Users\dhandapani.sudhakar\.m2\repository\org\objenesis\objenesis\2.1\objenesis-2.1.jar;C:\Users\dhandapani.sudhakar\.m2\repository\org\hamcrest\hamcrest-core\1.3\hamcrest-core-1.3.jar;C:\Users\dhandapani.sudhakar\.m2\repository\org\hamcrest\hamcrest-library\1.3\hamcrest-library-1.3.jar;C:\Users\dhandapani.sudhakar\.m2\repository\org\skyscreamer\jsonassert\1.4.0\jsonassert-1.4.0.jar;C:\Users\dhandapani.sudhakar\.m2\repository\com\vaadin\external\google\android-json\0.0.20131108.vaadin1\android-json-0.0.20131108.vaadin1.jar;C:\Users\dhandapani.sudhakar\.m2\repository\org\springframework\spring-core\4.3.22.RELEASE\spring-core-4.3.22.RELEASE.jar;C:\Users\dhandapani.sudhakar\.m2\repository\org\springframework\spring-test\4.3.22.RELEASE\spring-test-4.3.22.RELEASE.jar;, java.specification.name=Java Platform API Specification, java.class.version=52.0, sun.management.compiler=HotSpot 64-Bit Tiered Compilers, os.version=10.0, user.home=C:\Users\dhandapani.sudhakar, user.timezone=Asia/Calcutta, java.awt.printerjob=sun.awt.windows.WPrinterJob, file.encoding=Cp1252, java.specification.version=1.8, java.class.path=C:\Users\dhandapani.sudhakar\Microservices\spring-boot-09-hibernate-integration\target\test-classes;C:\Users\dhandapani.sudhakar\Microservices\spring-boot-09-hibernate-integration\target\classes;C:\Users\dhandapani.sudhakar\.m2\repository\org\springframework\boot\spring-boot-starter-web\1.5.19.RELEASE\spring-boot-starter-web-1.5.19.RELEASE.jar;C:\Users\dhandapani.sudhakar\.m2\repository\org\springframework\boot\spring-boot-starter\1.5.19.RELEASE\spring-boot-starter-1.5.19.RELEASE.jar;C:\Users\dhandapani.sudhakar\.m2\repository\org\springframework\boot\spring-boot\1.5.19.RELEASE\spring-boot-1.5.19.RELEASE.jar;C:\Users\dhandapani.sudhakar\.m2\repository\org\springframework\boot\spring-boot-autoconfigure\1.5.19.RELEASE\spring-boot-autoconfigure-1.5.19.RELEASE.jar;C:\Users\dhandapani.sudhakar\.m2\repository\org\springframework\boot\spring-boot-starter-logging\1.5.19.RELEASE\spring-boot-starter-logging-1.5.19.RELEASE.jar;C:\Users\dhandapani.sudhakar\.m2\repository\ch\qos\logback\logback-classic\1.1.11\logback-classic-1.1.11.jar;C:\Users\dhandapani.sudhakar\.m2\repository\ch\qos\logback\logback-core\1.1.11\logback-core-1.1.11.jar;C:\Users\dhandapani.sudhakar\.m2\repository\org\slf4j\jul-to-slf4j\1.7.25\jul-to-slf4j-1.7.25.jar;C:\Users\dhandapani.sudhakar\.m2\repository\org\slf4j\log4j-over-slf4j\1.7.25\log4j-over-slf4j-1.7.25.jar;C:\Users\dhandapani.sudhakar\.m2\repository\org\yaml\snakeyaml\1.17\snakeyaml-1.17.jar;C:\Users\dhandapani.sudhakar\.m2\repository\org\springframework\boot\spring-boot-starter-tomcat\1.5.19.RELEASE\spring-boot-starter-tomcat-1.5.19.RELEASE.jar;C:\Users\dhandapani.sudhakar\.m2\repository\org\apache\tomcat\embed\tomcat-embed-core\8.5.37\tomcat-embed-core-8.5.37.jar;C:\Users\dhandapani.sudhakar\.m2\repository\org\apache\tomcat\tomcat-annotations-api\8.5.37\tomcat-annotations-api-8.5.37.jar;C:\Users\dhandapani.sudhakar\.m2\repository\org\apache\tomcat\embed\tomcat-embed-el\8.5.37\tomcat-embed-el-8.5.37.jar;C:\Users\dhandapani.sudhakar\.m2\repository\org\apache\tomcat\embed\tomcat-embed-websocket\8.5.37\tomcat-embed-websocket-8.5.37.jar;C:\Users\dhandapani.sudhakar\.m2\repository\org\hibernate\hibernate-validator\5.3.6.Final\hibernate-validator-5.3.6.Final.jar;C:\Users\dhandapani.sudhakar\.m2\repository\javax\validation\validation-api\1.1.0.Final\validation-api-1.1.0.Final.jar;C:\Users\dhandapani.sudhakar\.m2\repository\org\jboss\logging\jboss-logging\3.3.2.Final\jboss-logging-3.3.2.Final.jar;C:\Users\dhandapani.sudhakar\.m2\repository\com\fasterxml\classmate\1.3.4\classmate-1.3.4.jar;C:\Users\dhandapani.sudhakar\.m2\repository\com\fasterxml\jackson\core\jackson-databind\2.8.11.3\jackson-databind-2.8.11.3.jar;C:\Users\dhandapani.sudhakar\.m2\repository\com\fasterxml\jackson\core\jackson-annotations\2.8.0\jackson-annotations-2.8.0.jar;C:\Users\dhandapani.sudhakar\.m2\repository\com\fasterxml\jackson\core\jackson-core\2.8.11\jackson-core-2.8.11.jar;C:\Users\dhandapani.sudhakar\.m2\repository\org\springframework\spring-web\4.3.22.RELEASE\spring-web-4.3.22.RELEASE.jar;C:\Users\dhandapani.sudhakar\.m2\repository\org\springframework\spring-aop\4.3.22.RELEASE\spring-aop-4.3.22.RELEASE.jar;C:\Users\dhandapani.sudhakar\.m2\repository\org\springframework\spring-beans\4.3.22.RELEASE\spring-beans-4.3.22.RELEASE.jar;C:\Users\dhandapani.sudhakar\.m2\repository\org\springframework\spring-context\4.3.22.RELEASE\spring-context-4.3.22.RELEASE.jar;C:\Users\dhandapani.sudhakar\.m2\repository\org\springframework\spring-webmvc\4.3.22.RELEASE\spring-webmvc-4.3.22.RELEASE.jar;C:\Users\dhandapani.sudhakar\.m2\repository\org\springframework\spring-expression\4.3.22.RELEASE\spring-expression-4.3.22.RELEASE.jar;C:\Users\dhandapani.sudhakar\.m2\repository\org\springframework\boot\spring-boot-starter-data-jpa\1.5.19.RELEASE\spring-boot-starter-data-jpa-1.5.19.RELEASE.jar;C:\Users\dhandapani.sudhakar\.m2\repository\org\springframework\boot\spring-boot-starter-aop\1.5.19.RELEASE\spring-boot-starter-aop-1.5.19.RELEASE.jar;C:\Users\dhandapani.sudhakar\.m2\repository\org\aspectj\aspectjweaver\1.8.13\aspectjweaver-1.8.13.jar;C:\Users\dhandapani.sudhakar\.m2\repository\org\springframework\boot\spring-boot-starter-jdbc\1.5.19.RELEASE\spring-boot-starter-jdbc-1.5.19.RELEASE.jar;C:\Users\dhandapani.sudhakar\.m2\repository\org\apache\tomcat\tomcat-jdbc\8.5.37\tomcat-jdbc-8.5.37.jar;C:\Users\dhandapani.sudhakar\.m2\repository\org\apache\tomcat\tomcat-juli\8.5.37\tomcat-juli-8.5.37.jar;C:\Users\dhandapani.sudhakar\.m2\repository\org\springframework\spring-jdbc\4.3.22.RELEASE\spring-jdbc-4.3.22.RELEASE.jar;C:\Users\dhandapani.sudhakar\.m2\repository\org\hibernate\hibernate-core\5.0.12.Final\hibernate-core-5.0.12.Final.jar;C:\Users\dhandapani.sudhakar\.m2\repository\org\hibernate\javax\persistence\hibernate-jpa-2.1-api\1.0.0.Final\hibernate-jpa-2.1-api-1.0.0.Final.jar;C:\Users\dhandapani.sudhakar\.m2\repository\org\javassist\javassist\3.21.0-GA\javassist-3.21.0-GA.jar;C:\Users\dhandapani.sudhakar\.m2\repository\antlr\antlr\2.7.7\antlr-2.7.7.jar;C:\Users\dhandapani.sudhakar\.m2\repository\org\jboss\jandex\2.0.0.Final\jandex-2.0.0.Final.jar;C:\Users\dhandapani.sudhakar\.m2\repository\dom4j\dom4j\1.6.1\dom4j-1.6.1.jar;C:\Users\dhandapani.sudhakar\.m2\repository\org\hibernate\common\hibernate-commons-annotations\5.0.1.Final\hibernate-commons-annotations-5.0.1.Final.jar;C:\Users\dhandapani.sudhakar\.m2\repository\org\hibernate\hibernate-entitymanager\5.0.12.Final\hibernate-entitymanager-5.0.12.Final.jar;C:\Users\dhandapani.sudhakar\.m2\repository\javax\transaction\javax.transaction-api\1.2\javax.transaction-api-1.2.jar;C:\Users\dhandapani.sudhakar\.m2\repository\org\springframework\data\spring-data-jpa\1.11.18.RELEASE\spring-data-jpa-1.11.18.RELEASE.jar;C:\Users\dhandapani.sudhakar\.m2\repository\org\springframework\data\spring-data-commons\1.13.18.RELEASE\spring-data-commons-1.13.18.RELEASE.jar;C:\Users\dhandapani.sudhakar\.m2\repository\org\springframework\spring-orm\4.3.22.RELEASE\spring-orm-4.3.22.RELEASE.jar;C:\Users\dhandapani.sudhakar\.m2\repository\org\springframework\spring-tx\4.3.22.RELEASE\spring-tx-4.3.22.RELEASE.jar;C:\Users\dhandapani.sudhakar\.m2\repository\org\slf4j\slf4j-api\1.7.25\slf4j-api-1.7.25.jar;C:\Users\dhandapani.sudhakar\.m2\repository\org\slf4j\jcl-over-slf4j\1.7.25\jcl-over-slf4j-1.7.25.jar;C:\Users\dhandapani.sudhakar\.m2\repository\org\springframework\spring-aspects\4.3.22.RELEASE\spring-aspects-4.3.22.RELEASE.jar;C:\Users\dhandapani.sudhakar\.m2\repository\mysql\mysql-connector-java\5.1.47\mysql-connector-java-5.1.47.jar;C:\Users\dhandapani.sudhakar\.m2\repository\org\springframework\boot\spring-boot-starter-test\1.5.19.RELEASE\spring-boot-starter-test-1.5.19.RELEASE.jar;C:\Users\dhandapani.sudhakar\.m2\repository\org\springframework\boot\spring-boot-test\1.5.19.RELEASE\spring-boot-test-1.5.19.RELEASE.jar;C:\Users\dhandapani.sudhakar\.m2\repository\org\springframework\boot\spring-boot-test-autoconfigure\1.5.19.RELEASE\spring-boot-test-autoconfigure-1.5.19.RELEASE.jar;C:\Users\dhandapani.sudhakar\.m2\repository\com\jayway\jsonpath\json-path\2.2.0\json-path-2.2.0.jar;C:\Users\dhandapani.sudhakar\.m2\repository\net\minidev\json-smart\2.2.1\json-smart-2.2.1.jar;C:\Users\dhandapani.sudhakar\.m2\repository\net\minidev\accessors-smart\1.1\accessors-smart-1.1.jar;C:\Users\dhandapani.sudhakar\.m2\repository\org\ow2\asm\asm\5.0.3\asm-5.0.3.jar;C:\Users\dhandapani.sudhakar\.m2\repository\junit\junit\4.12\junit-4.12.jar;C:\Users\dhandapani.sudhakar\.m2\repository\org\assertj\assertj-core\2.6.0\assertj-core-2.6.0.jar;C:\Users\dhandapani.sudhakar\.m2\repository\org\mockito\mockito-core\1.10.19\mockito-core-1.10.19.jar;C:\Users\dhandapani.sudhakar\.m2\repository\org\objenesis\objenesis\2.1\objenesis-2.1.jar;C:\Users\dhandapani.sudhakar\.m2\repository\org\hamcrest\hamcrest-core\1.3\hamcrest-core-1.3.jar;C:\Users\dhandapani.sudhakar\.m2\repository\org\hamcrest\hamcrest-library\1.3\hamcrest-library-1.3.jar;C:\Users\dhandapani.sudhakar\.m2\repository\org\skyscreamer\jsonassert\1.4.0\jsonassert-1.4.0.jar;C:\Users\dhandapani.sudhakar\.m2\repository\com\vaadin\external\google\android-json\0.0.20131108.vaadin1\android-json-0.0.20131108.vaadin1.jar;C:\Users\dhandapani.sudhakar\.m2\repository\org\springframework\spring-core\4.3.22.RELEASE\spring-core-4.3.22.RELEASE.jar;C:\Users\dhandapani.sudhakar\.m2\repository\org\springframework\spring-test\4.3.22.RELEASE\spring-test-4.3.22.RELEASE.jar;, user.name=dhandapani.sudhakar, java.vm.specification.version=1.8, sun.java.command=C:\Users\dhandapani.sudhakar\Microservices\spring-boot-09-hibernate-integration\target\surefire\surefirebooter6364015192429314885.jar C:\Users\dhandapani.sudhakar\Microservices\spring-boot-09-hibernate-integration\target\surefire\surefire3789335978136122211tmp C:\Users\dhandapani.sudhakar\Microservices\spring-boot-09-hibernate-integration\target\surefire\surefire_05045841638661863649tmp, java.home=C:\Program Files\Java\jdk1.8.0_181\jre, sun.arch.data.model=64, user.language=en, java.specification.vendor=Oracle Corporation, awt.toolkit=sun.awt.windows.WToolkit, java.vm.info=mixed mode, java.version=1.8.0_181, java.ext.dirs=C:\Program Files\Java\jdk1.8.0_181\jre\lib\ext;C:\WINDOWS\Sun\Java\lib\ext, sun.boot.class.path=C:\Program Files\Java\jdk1.8.0_181\jre\lib\resources.jar;C:\Program Files\Java\jdk1.8.0_181\jre\lib\rt.jar;C:\Program Files\Java\jdk1.8.0_181\jre\lib\sunrsasign.jar;C:\Program Files\Java\jdk1.8.0_181\jre\lib\jsse.jar;C:\Program Files\Java\jdk1.8.0_181\jre\lib\jce.jar;C:\Program Files\Java\jdk1.8.0_181\jre\lib\charsets.jar;C:\Program Files\Java\jdk1.8.0_181\jre\lib\jfr.jar;C:\Program Files\Java\jdk1.8.0_181\jre\classes, java.vendor=Oracle Corporation, localRepository=C:\Users\dhandapani.sudhakar\.m2\repository, file.separator=\, java.vendor.url.bug=http://bugreport.sun.com/bugreport/, sun.io.unicode.encoding=UnicodeLittle, sun.cpu.endian=little, sun.desktop=windows, sun.cpu.isalist=amd64}}, SystemEnvironmentPropertySource@513169028 {name='systemEnvironment', properties={PATH=C:/Program Files/Java/jre1.8.0_191/bin/server;C:/Program Files/Java/jre1.8.0_191/bin;C:/Program Files/Java/jre1.8.0_191/lib/amd64;C:\Program Files (x86)\Common Files\Oracle\Java\javapath;C:\apache-maven-3.5.4\bin\SYSTEM;C:\windows\system32\config\systemprofile\AppData\Local\Microsoft\WindowsApps;C:\windows\System32\Wbem;C:\Program Files\Java\jdk1.8.0_181\bin;C:\Program Files\Git\cmd;C:\WINDOWS\system32;C:\WINDOWS;C:\WINDOWS\System32\Wbem;C:\WINDOWS\System32\WindowsPowerShell\v1.0\;C:\WINDOWS\System32\OpenSSH\;C:\Program Files\nodejs\;C:\Program Files (x86)\Yarn\bin\;C:\Program Files (x86)\sbt\bin;C:\Program Files (x86)\scala\bin;C:\apache-maven-3.5.4\bin;C:\Users\dhandapani.sudhakar\AppData\Local\GitHubDesktop\bin;C:\Users\dhandapani.sudhakar\AppData\Local\Microsoft\WindowsApps;C:\Users\dhandapani.sudhakar\AppData\Roaming\npm;C:\Users\dhandapani.sudhakar\AppData\Local\Yarn\bin;C:\Users\dhandapani.sudhakar\AppData\Local\Programs\Microsoft VS Code\bin;C:\Users\dhandapani.sudhakar\Softwares\eclipse-jee-oxygen-M2-win32-x86_64\eclipse;, USERDOMAIN_ROAMINGPROFILE=DIR, LOCALAPPDATA=C:\Users\dhandapani.sudhakar\AppData\Local, PROCESSOR_LEVEL=6, SYSTEMDRIVE=C:, COMMONPROGRAMFILES(X86)=C:\Program Files (x86)\Common Files, USERDOMAIN=DIR, FPS_BROWSER_APP_PROFILE_STRING=Internet Explorer, LOGONSERVER=\\AMRDC4212, JAVA_HOME=C:\Program Files\Java\jdk1.8.0_181, PROMPT=$P$G, SESSIONNAME=Console, ALLUSERSPROFILE=C:\ProgramData, PROGRAMFILES(X86)=C:\Program Files (x86), PROCESSOR_ARCHITECTURE=AMD64, DRIVERDATA=C:\Windows\System32\Drivers\DriverData, MAVEN_HOME=C:\apache-maven-3.5.4, PROGRAMFILES=C:\Program Files, =C:=C:\Users\dhandapani.sudhakar\Microservices\spring-boot-09-hibernate-integration, APPDATA=C:\Users\dhandapani.sudhakar\AppData\Roaming, PSMODULEPATH=C:\Program Files\WindowsPowerShell\Modules;C:\WINDOWS\system32\WindowsPowerShell\v1.0\Modules;C:\Program Files (x86)\Microsoft Azure Information Protection\Powershell, PROGRAMW6432=C:\Program Files, PROGRAMDATA=C:\ProgramData, SYSTEMROOT=C:\WINDOWS, USERNAME=dhandapani.sudhakar, USERDNSDOMAIN=DIR.SVC.ACCENTURE.COM, FPS_BROWSER_USER_PROFILE_STRING=Default, ONEDRIVE=C:\Users\dhandapani.sudhakar\OneDrive, PATHEXT=.COM;.EXE;.BAT;.CMD;.VBS;.VBE;.JS;.JSE;.WSF;.WSH;.MSC, OS=Windows_NT, COMMONPROGRAMW6432=C:\Program Files\Common Files, COMPUTERNAME=BDC4-D-1PS4N62, COMMONPROGRAMFILES=C:\Program Files\Common Files, COMSPEC=C:\WINDOWS\system32\cmd.exe, SBT_HOME=C:\Program Files (x86)\sbt\, PROCESSOR_REVISION=3c03, UATDATA=C:\windows\CCM\UATData\D9F8C395-CAB8-491d-B8AC-179A1FE1BE77, WINDIR=C:\WINDOWS, HOMEPATH=\Users\dhandapani.sudhakar, TEMP=C:\Users\DHANDA~1.SUD\AppData\Local\Temp, HOMEDRIVE=C:, PROCESSOR_IDENTIFIER=Intel64 Family 6 Model 60 Stepping 3, GenuineIntel, USERPROFILE=C:\Users\dhandapani.sudhakar, TMP=C:\Users\DHANDA~1.SUD\AppData\Local\Temp, M2_HOME=C:\apache-maven-3.5.4, PUBLIC=C:\Users\Public, NUMBER_OF_PROCESSORS=4, =::=::\}}]
17:49:37.876 [main] DEBUG org.springframework.core.io.support.PathMatchingResourcePatternResolver - Resolved classpath location [com/sakdd/springboot/] to resources [URL [file:/C:/Users/dhandapani.sudhakar/Microservices/spring-boot-09-hibernate-integration/target/test-classes/com/sakdd/springboot/], URL [file:/C:/Users/dhandapani.sudhakar/Microservices/spring-boot-09-hibernate-integration/target/classes/com/sakdd/springboot/]]
17:49:37.883 [main] DEBUG org.springframework.core.io.support.PathMatchingResourcePatternResolver - Looking for matching resources in directory tree [C:\Users\dhandapani.sudhakar\Microservices\spring-boot-09-hibernate-integration\target\test-classes\com\sakdd\springboot]
17:49:37.884 [main] DEBUG org.springframework.core.io.support.PathMatchingResourcePatternResolver - Searching directory [C:\Users\dhandapani.sudhakar\Microservices\spring-boot-09-hibernate-integration\target\test-classes\com\sakdd\springboot] for files matching pattern [C:/Users/dhandapani.sudhakar/Microservices/spring-boot-09-hibernate-integration/target/test-classes/com/sakdd/springboot/*.class]
17:49:37.897 [main] DEBUG org.springframework.core.io.support.PathMatchingResourcePatternResolver - Looking for matching resources in directory tree [C:\Users\dhandapani.sudhakar\Microservices\spring-boot-09-hibernate-integration\target\classes\com\sakdd\springboot]
17:49:37.898 [main] DEBUG org.springframework.core.io.support.PathMatchingResourcePatternResolver - Searching directory [C:\Users\dhandapani.sudhakar\Microservices\spring-boot-09-hibernate-integration\target\classes\com\sakdd\springboot] for files matching pattern [C:/Users/dhandapani.sudhakar/Microservices/spring-boot-09-hibernate-integration/target/classes/com/sakdd/springboot/*.class]
17:49:37.904 [main] DEBUG org.springframework.core.io.support.PathMatchingResourcePatternResolver - Resolved location pattern [classpath*:com/sakdd/springboot/*.class] to resources [file [C:\Users\dhandapani.sudhakar\Microservices\spring-boot-09-hibernate-integration\target\test-classes\com\sakdd\springboot\SpringBoot09HibernateIntegrationApplicationTests.class], file [C:\Users\dhandapani.sudhakar\Microservices\spring-boot-09-hibernate-integration\target\classes\com\sakdd\springboot\SpringBoot09HibernateIntegrationApplication.class]]
17:49:38.065 [main] DEBUG org.springframework.context.annotation.ClassPathScanningCandidateComponentProvider - Identified candidate component class: file [C:\Users\dhandapani.sudhakar\Microservices\spring-boot-09-hibernate-integration\target\classes\com\sakdd\springboot\SpringBoot09HibernateIntegrationApplication.class]
17:49:38.068 [main] INFO org.springframework.boot.test.context.SpringBootTestContextBootstrapper - Found @SpringBootConfiguration com.sakdd.springboot.SpringBoot09HibernateIntegrationApplication for test class com.sakdd.springboot.SpringBoot09HibernateIntegrationApplicationTests
17:49:38.085 [main] DEBUG org.springframework.boot.test.context.SpringBootTestContextBootstrapper - @TestExecutionListeners is not present for class [com.sakdd.springboot.SpringBoot09HibernateIntegrationApplicationTests]: using defaults.
17:49:38.091 [main] INFO org.springframework.boot.test.context.SpringBootTestContextBootstrapper - Loaded default TestExecutionListener class names from location [META-INF/spring.factories]: [org.springframework.boot.test.mock.mockito.MockitoTestExecutionListener, org.springframework.boot.test.mock.mockito.ResetMocksTestExecutionListener, org.springframework.boot.test.autoconfigure.restdocs.RestDocsTestExecutionListener, org.springframework.boot.test.autoconfigure.web.client.MockRestServiceServerResetTestExecutionListener, org.springframework.boot.test.autoconfigure.web.servlet.MockMvcPrintOnlyOnFailureTestExecutionListener, org.springframework.boot.test.autoconfigure.web.servlet.WebDriverTestExecutionListener, org.springframework.test.context.web.ServletTestExecutionListener, org.springframework.test.context.support.DirtiesContextBeforeModesTestExecutionListener, org.springframework.test.context.support.DependencyInjectionTestExecutionListener, org.springframework.test.context.support.DirtiesContextTestExecutionListener, org.springframework.test.context.transaction.TransactionalTestExecutionListener, org.springframework.test.context.jdbc.SqlScriptsTestExecutionListener]
17:49:38.134 [main] INFO org.springframework.boot.test.context.SpringBootTestContextBootstrapper - Using TestExecutionListeners: [org.springframework.test.context.web.ServletTestExecutionListener@23bb8443, org.springframework.test.context.support.DirtiesContextBeforeModesTestExecutionListener@1176dcec, org.springframework.boot.test.mock.mockito.MockitoTestExecutionListener@120d6fe6, org.springframework.boot.test.autoconfigure.SpringBootDependencyInjectionTestExecutionListener@4ba2ca36, org.springframework.test.context.support.DirtiesContextTestExecutionListener@3444d69d, org.springframework.test.context.transaction.TransactionalTestExecutionListener@1372ed45, org.springframework.test.context.jdbc.SqlScriptsTestExecutionListener@6a79c292, org.springframework.boot.test.mock.mockito.ResetMocksTestExecutionListener@37574691, org.springframework.boot.test.autoconfigure.restdocs.RestDocsTestExecutionListener@25359ed8, org.springframework.boot.test.autoconfigure.web.client.MockRestServiceServerResetTestExecutionListener@21a947fe, org.springframework.boot.test.autoconfigure.web.servlet.MockMvcPrintOnlyOnFailureTestExecutionListener@5606c0b, org.springframework.boot.test.autoconfigure.web.servlet.WebDriverTestExecutionListener@80ec1f8]
17:49:38.138 [main] DEBUG org.springframework.test.annotation.ProfileValueUtils - Retrieved @ProfileValueSourceConfiguration [null] for test class [com.sakdd.springboot.SpringBoot09HibernateIntegrationApplicationTests]
17:49:38.140 [main] DEBUG org.springframework.test.annotation.ProfileValueUtils - Retrieved ProfileValueSource type [class org.springframework.test.annotation.SystemProfileValueSource] for class [com.sakdd.springboot.SpringBoot09HibernateIntegrationApplicationTests]
17:49:38.144 [main] DEBUG org.springframework.test.context.junit4.SpringJUnit4ClassRunner - SpringJUnit4ClassRunner constructor called with [class com.sakdd.springboot.SpringBoot09HibernateIntegrationApplicationTests]
17:49:38.144 [main] DEBUG org.springframework.test.context.BootstrapUtils - Instantiating CacheAwareContextLoaderDelegate from class [org.springframework.test.context.cache.DefaultCacheAwareContextLoaderDelegate]
17:49:38.144 [main] DEBUG org.springframework.test.context.BootstrapUtils - Instantiating BootstrapContext using constructor [public org.springframework.test.context.support.DefaultBootstrapContext(java.lang.Class,org.springframework.test.context.CacheAwareContextLoaderDelegate)]
17:49:38.145 [main] DEBUG org.springframework.test.context.BootstrapUtils - Instantiating TestContextBootstrapper for test class [com.sakdd.springboot.SpringBoot09HibernateIntegrationApplicationTests] from class [org.springframework.boot.test.context.SpringBootTestContextBootstrapper]
17:49:38.146 [main] INFO org.springframework.boot.test.context.SpringBootTestContextBootstrapper - Neither @ContextConfiguration nor @ContextHierarchy found for test class [com.sakdd.springboot.SpringBoot09HibernateIntegrationApplicationTests], using SpringBootContextLoader
17:49:38.147 [main] DEBUG org.springframework.test.context.support.AbstractContextLoader - Did not detect default resource location for test class [com.sakdd.springboot.SpringBoot09HibernateIntegrationApplicationTests]: class path resource [com/sakdd/springboot/SpringBoot09HibernateIntegrationApplicationTests-context.xml] does not exist
17:49:38.148 [main] DEBUG org.springframework.test.context.support.AbstractContextLoader - Did not detect default resource location for test class [com.sakdd.springboot.SpringBoot09HibernateIntegrationApplicationTests]: class path resource [com/sakdd/springboot/SpringBoot09HibernateIntegrationApplicationTestsContext.groovy] does not exist
17:49:38.149 [main] INFO org.springframework.test.context.support.AbstractContextLoader - Could not detect default resource locations for test class [com.sakdd.springboot.SpringBoot09HibernateIntegrationApplicationTests]: no resource found for suffixes {-context.xml, Context.groovy}.
17:49:38.149 [main] INFO org.springframework.test.context.support.AnnotationConfigContextLoaderUtils - Could not detect default configuration classes for test class [com.sakdd.springboot.SpringBoot09HibernateIntegrationApplicationTests]: SpringBoot09HibernateIntegrationApplicationTests does not declare any static, non-private, non-final, nested classes annotated with @Configuration.
17:49:38.156 [main] DEBUG org.springframework.test.context.support.ActiveProfilesUtils - Could not find an 'annotation declaring class' for annotation type [org.springframework.test.context.ActiveProfiles] and class [com.sakdd.springboot.SpringBoot09HibernateIntegrationApplicationTests]
17:49:38.156 [main] DEBUG org.springframework.core.env.StandardEnvironment - Adding PropertySource 'systemProperties' with lowest search precedence
17:49:38.156 [main] DEBUG org.springframework.core.env.StandardEnvironment - Adding PropertySource 'systemEnvironment' with lowest search precedence
17:49:38.156 [main] DEBUG org.springframework.core.env.StandardEnvironment - Initialized StandardEnvironment with PropertySources [MapPropertySource@1890627974 {name='systemProperties', properties={java.runtime.name=Java(TM) SE Runtime Environment, sun.boot.library.path=C:\Program Files\Java\jdk1.8.0_181\jre\bin, java.vm.version=25.181-b13, java.vm.vendor=Oracle Corporation, java.vendor.url=http://java.oracle.com/, path.separator=;, java.vm.name=Java HotSpot(TM) 64-Bit Server VM, file.encoding.pkg=sun.io, user.country=US, user.script=, sun.java.launcher=SUN_STANDARD, sun.os.patch.level=, java.vm.specification.name=Java Virtual Machine Specification, user.dir=C:\Users\dhandapani.sudhakar\Microservices\spring-boot-09-hibernate-integration, java.runtime.version=1.8.0_181-b13, basedir=C:\Users\dhandapani.sudhakar\Microservices\spring-boot-09-hibernate-integration, java.awt.graphicsenv=sun.awt.Win32GraphicsEnvironment, java.endorsed.dirs=C:\Program Files\Java\jdk1.8.0_181\jre\lib\endorsed, os.arch=amd64, surefire.real.class.path=C:\Users\dhandapani.sudhakar\Microservices\spring-boot-09-hibernate-integration\target\surefire\surefirebooter6364015192429314885.jar, java.io.tmpdir=C:\Users\DHANDA~1.SUD\AppData\Local\Temp\, line.separator=
, java.vm.specification.vendor=Oracle Corporation, user.variant=, os.name=Windows 10, sun.jnu.encoding=Cp1252, java.library.path=C:\Program Files\Java\jdk1.8.0_181\jre\bin;C:\WINDOWS\Sun\Java\bin;C:\WINDOWS\system32;C:\WINDOWS;C:/Program Files/Java/jre1.8.0_191/bin/server;C:/Program Files/Java/jre1.8.0_191/bin;C:/Program Files/Java/jre1.8.0_191/lib/amd64;C:\Program Files (x86)\Common Files\Oracle\Java\javapath;C:\apache-maven-3.5.4\bin\SYSTEM;C:\windows\system32\config\systemprofile\AppData\Local\Microsoft\WindowsApps;C:\windows\System32\Wbem;C:\Program Files\Java\jdk1.8.0_181\bin;C:\Program Files\Git\cmd;C:\WINDOWS\system32;C:\WINDOWS;C:\WINDOWS\System32\Wbem;C:\WINDOWS\System32\WindowsPowerShell\v1.0\;C:\WINDOWS\System32\OpenSSH\;C:\Program Files\nodejs\;C:\Program Files (x86)\Yarn\bin\;C:\Program Files (x86)\sbt\bin;C:\Program Files (x86)\scala\bin;C:\apache-maven-3.5.4\bin;C:\Users\dhandapani.sudhakar\AppData\Local\GitHubDesktop\bin;C:\Users\dhandapani.sudhakar\AppData\Local\Microsoft\WindowsApps;C:\Users\dhandapani.sudhakar\AppData\Roaming\npm;C:\Users\dhandapani.sudhakar\AppData\Local\Yarn\bin;C:\Users\dhandapani.sudhakar\AppData\Local\Programs\Microsoft VS Code\bin;C:\Users\dhandapani.sudhakar\Softwares\eclipse-jee-oxygen-M2-win32-x86_64\eclipse;;., surefire.test.class.path=C:\Users\dhandapani.sudhakar\Microservices\spring-boot-09-hibernate-integration\target\test-classes;C:\Users\dhandapani.sudhakar\Microservices\spring-boot-09-hibernate-integration\target\classes;C:\Users\dhandapani.sudhakar\.m2\repository\org\springframework\boot\spring-boot-starter-web\1.5.19.RELEASE\spring-boot-starter-web-1.5.19.RELEASE.jar;C:\Users\dhandapani.sudhakar\.m2\repository\org\springframework\boot\spring-boot-starter\1.5.19.RELEASE\spring-boot-starter-1.5.19.RELEASE.jar;C:\Users\dhandapani.sudhakar\.m2\repository\org\springframework\boot\spring-boot\1.5.19.RELEASE\spring-boot-1.5.19.RELEASE.jar;C:\Users\dhandapani.sudhakar\.m2\repository\org\springframework\boot\spring-boot-autoconfigure\1.5.19.RELEASE\spring-boot-autoconfigure-1.5.19.RELEASE.jar;C:\Users\dhandapani.sudhakar\.m2\repository\org\springframework\boot\spring-boot-starter-logging\1.5.19.RELEASE\spring-boot-starter-logging-1.5.19.RELEASE.jar;C:\Users\dhandapani.sudhakar\.m2\repository\ch\qos\logback\logback-classic\1.1.11\logback-classic-1.1.11.jar;C:\Users\dhandapani.sudhakar\.m2\repository\ch\qos\logback\logback-core\1.1.11\logback-core-1.1.11.jar;C:\Users\dhandapani.sudhakar\.m2\repository\org\slf4j\jul-to-slf4j\1.7.25\jul-to-slf4j-1.7.25.jar;C:\Users\dhandapani.sudhakar\.m2\repository\org\slf4j\log4j-over-slf4j\1.7.25\log4j-over-slf4j-1.7.25.jar;C:\Users\dhandapani.sudhakar\.m2\repository\org\yaml\snakeyaml\1.17\snakeyaml-1.17.jar;C:\Users\dhandapani.sudhakar\.m2\repository\org\springframework\boot\spring-boot-starter-tomcat\1.5.19.RELEASE\spring-boot-starter-tomcat-1.5.19.RELEASE.jar;C:\Users\dhandapani.sudhakar\.m2\repository\org\apache\tomcat\embed\tomcat-embed-core\8.5.37\tomcat-embed-core-8.5.37.jar;C:\Users\dhandapani.sudhakar\.m2\repository\org\apache\tomcat\tomcat-annotations-api\8.5.37\tomcat-annotations-api-8.5.37.jar;C:\Users\dhandapani.sudhakar\.m2\repository\org\apache\tomcat\embed\tomcat-embed-el\8.5.37\tomcat-embed-el-8.5.37.jar;C:\Users\dhandapani.sudhakar\.m2\repository\org\apache\tomcat\embed\tomcat-embed-websocket\8.5.37\tomcat-embed-websocket-8.5.37.jar;C:\Users\dhandapani.sudhakar\.m2\repository\org\hibernate\hibernate-validator\5.3.6.Final\hibernate-validator-5.3.6.Final.jar;C:\Users\dhandapani.sudhakar\.m2\repository\javax\validation\validation-api\1.1.0.Final\validation-api-1.1.0.Final.jar;C:\Users\dhandapani.sudhakar\.m2\repository\org\jboss\logging\jboss-logging\3.3.2.Final\jboss-logging-3.3.2.Final.jar;C:\Users\dhandapani.sudhakar\.m2\repository\com\fasterxml\classmate\1.3.4\classmate-1.3.4.jar;C:\Users\dhandapani.sudhakar\.m2\repository\com\fasterxml\jackson\core\jackson-databind\2.8.11.3\jackson-databind-2.8.11.3.jar;C:\Users\dhandapani.sudhakar\.m2\repository\com\fasterxml\jackson\core\jackson-annotations\2.8.0\jackson-annotations-2.8.0.jar;C:\Users\dhandapani.sudhakar\.m2\repository\com\fasterxml\jackson\core\jackson-core\2.8.11\jackson-core-2.8.11.jar;C:\Users\dhandapani.sudhakar\.m2\repository\org\springframework\spring-web\4.3.22.RELEASE\spring-web-4.3.22.RELEASE.jar;C:\Users\dhandapani.sudhakar\.m2\repository\org\springframework\spring-aop\4.3.22.RELEASE\spring-aop-4.3.22.RELEASE.jar;C:\Users\dhandapani.sudhakar\.m2\repository\org\springframework\spring-beans\4.3.22.RELEASE\spring-beans-4.3.22.RELEASE.jar;C:\Users\dhandapani.sudhakar\.m2\repository\org\springframework\spring-context\4.3.22.RELEASE\spring-context-4.3.22.RELEASE.jar;C:\Users\dhandapani.sudhakar\.m2\repository\org\springframework\spring-webmvc\4.3.22.RELEASE\spring-webmvc-4.3.22.RELEASE.jar;C:\Users\dhandapani.sudhakar\.m2\repository\org\springframework\spring-expression\4.3.22.RELEASE\spring-expression-4.3.22.RELEASE.jar;C:\Users\dhandapani.sudhakar\.m2\repository\org\springframework\boot\spring-boot-starter-data-jpa\1.5.19.RELEASE\spring-boot-starter-data-jpa-1.5.19.RELEASE.jar;C:\Users\dhandapani.sudhakar\.m2\repository\org\springframework\boot\spring-boot-starter-aop\1.5.19.RELEASE\spring-boot-starter-aop-1.5.19.RELEASE.jar;C:\Users\dhandapani.sudhakar\.m2\repository\org\aspectj\aspectjweaver\1.8.13\aspectjweaver-1.8.13.jar;C:\Users\dhandapani.sudhakar\.m2\repository\org\springframework\boot\spring-boot-starter-jdbc\1.5.19.RELEASE\spring-boot-starter-jdbc-1.5.19.RELEASE.jar;C:\Users\dhandapani.sudhakar\.m2\repository\org\apache\tomcat\tomcat-jdbc\8.5.37\tomcat-jdbc-8.5.37.jar;C:\Users\dhandapani.sudhakar\.m2\repository\org\apache\tomcat\tomcat-juli\8.5.37\tomcat-juli-8.5.37.jar;C:\Users\dhandapani.sudhakar\.m2\repository\org\springframework\spring-jdbc\4.3.22.RELEASE\spring-jdbc-4.3.22.RELEASE.jar;C:\Users\dhandapani.sudhakar\.m2\repository\org\hibernate\hibernate-core\5.0.12.Final\hibernate-core-5.0.12.Final.jar;C:\Users\dhandapani.sudhakar\.m2\repository\org\hibernate\javax\persistence\hibernate-jpa-2.1-api\1.0.0.Final\hibernate-jpa-2.1-api-1.0.0.Final.jar;C:\Users\dhandapani.sudhakar\.m2\repository\org\javassist\javassist\3.21.0-GA\javassist-3.21.0-GA.jar;C:\Users\dhandapani.sudhakar\.m2\repository\antlr\antlr\2.7.7\antlr-2.7.7.jar;C:\Users\dhandapani.sudhakar\.m2\repository\org\jboss\jandex\2.0.0.Final\jandex-2.0.0.Final.jar;C:\Users\dhandapani.sudhakar\.m2\repository\dom4j\dom4j\1.6.1\dom4j-1.6.1.jar;C:\Users\dhandapani.sudhakar\.m2\repository\org\hibernate\common\hibernate-commons-annotations\5.0.1.Final\hibernate-commons-annotations-5.0.1.Final.jar;C:\Users\dhandapani.sudhakar\.m2\repository\org\hibernate\hibernate-entitymanager\5.0.12.Final\hibernate-entitymanager-5.0.12.Final.jar;C:\Users\dhandapani.sudhakar\.m2\repository\javax\transaction\javax.transaction-api\1.2\javax.transaction-api-1.2.jar;C:\Users\dhandapani.sudhakar\.m2\repository\org\springframework\data\spring-data-jpa\1.11.18.RELEASE\spring-data-jpa-1.11.18.RELEASE.jar;C:\Users\dhandapani.sudhakar\.m2\repository\org\springframework\data\spring-data-commons\1.13.18.RELEASE\spring-data-commons-1.13.18.RELEASE.jar;C:\Users\dhandapani.sudhakar\.m2\repository\org\springframework\spring-orm\4.3.22.RELEASE\spring-orm-4.3.22.RELEASE.jar;C:\Users\dhandapani.sudhakar\.m2\repository\org\springframework\spring-tx\4.3.22.RELEASE\spring-tx-4.3.22.RELEASE.jar;C:\Users\dhandapani.sudhakar\.m2\repository\org\slf4j\slf4j-api\1.7.25\slf4j-api-1.7.25.jar;C:\Users\dhandapani.sudhakar\.m2\repository\org\slf4j\jcl-over-slf4j\1.7.25\jcl-over-slf4j-1.7.25.jar;C:\Users\dhandapani.sudhakar\.m2\repository\org\springframework\spring-aspects\4.3.22.RELEASE\spring-aspects-4.3.22.RELEASE.jar;C:\Users\dhandapani.sudhakar\.m2\repository\mysql\mysql-connector-java\5.1.47\mysql-connector-java-5.1.47.jar;C:\Users\dhandapani.sudhakar\.m2\repository\org\springframework\boot\spring-boot-starter-test\1.5.19.RELEASE\spring-boot-starter-test-1.5.19.RELEASE.jar;C:\Users\dhandapani.sudhakar\.m2\repository\org\springframework\boot\spring-boot-test\1.5.19.RELEASE\spring-boot-test-1.5.19.RELEASE.jar;C:\Users\dhandapani.sudhakar\.m2\repository\org\springframework\boot\spring-boot-test-autoconfigure\1.5.19.RELEASE\spring-boot-test-autoconfigure-1.5.19.RELEASE.jar;C:\Users\dhandapani.sudhakar\.m2\repository\com\jayway\jsonpath\json-path\2.2.0\json-path-2.2.0.jar;C:\Users\dhandapani.sudhakar\.m2\repository\net\minidev\json-smart\2.2.1\json-smart-2.2.1.jar;C:\Users\dhandapani.sudhakar\.m2\repository\net\minidev\accessors-smart\1.1\accessors-smart-1.1.jar;C:\Users\dhandapani.sudhakar\.m2\repository\org\ow2\asm\asm\5.0.3\asm-5.0.3.jar;C:\Users\dhandapani.sudhakar\.m2\repository\junit\junit\4.12\junit-4.12.jar;C:\Users\dhandapani.sudhakar\.m2\repository\org\assertj\assertj-core\2.6.0\assertj-core-2.6.0.jar;C:\Users\dhandapani.sudhakar\.m2\repository\org\mockito\mockito-core\1.10.19\mockito-core-1.10.19.jar;C:\Users\dhandapani.sudhakar\.m2\repository\org\objenesis\objenesis\2.1\objenesis-2.1.jar;C:\Users\dhandapani.sudhakar\.m2\repository\org\hamcrest\hamcrest-core\1.3\hamcrest-core-1.3.jar;C:\Users\dhandapani.sudhakar\.m2\repository\org\hamcrest\hamcrest-library\1.3\hamcrest-library-1.3.jar;C:\Users\dhandapani.sudhakar\.m2\repository\org\skyscreamer\jsonassert\1.4.0\jsonassert-1.4.0.jar;C:\Users\dhandapani.sudhakar\.m2\repository\com\vaadin\external\google\android-json\0.0.20131108.vaadin1\android-json-0.0.20131108.vaadin1.jar;C:\Users\dhandapani.sudhakar\.m2\repository\org\springframework\spring-core\4.3.22.RELEASE\spring-core-4.3.22.RELEASE.jar;C:\Users\dhandapani.sudhakar\.m2\repository\org\springframework\spring-test\4.3.22.RELEASE\spring-test-4.3.22.RELEASE.jar;, java.specification.name=Java Platform API Specification, java.class.version=52.0, sun.management.compiler=HotSpot 64-Bit Tiered Compilers, os.version=10.0, user.home=C:\Users\dhandapani.sudhakar, user.timezone=Asia/Calcutta, java.awt.printerjob=sun.awt.windows.WPrinterJob, file.encoding=Cp1252, java.specification.version=1.8, java.class.path=C:\Users\dhandapani.sudhakar\Microservices\spring-boot-09-hibernate-integration\target\test-classes;C:\Users\dhandapani.sudhakar\Microservices\spring-boot-09-hibernate-integration\target\classes;C:\Users\dhandapani.sudhakar\.m2\repository\org\springframework\boot\spring-boot-starter-web\1.5.19.RELEASE\spring-boot-starter-web-1.5.19.RELEASE.jar;C:\Users\dhandapani.sudhakar\.m2\repository\org\springframework\boot\spring-boot-starter\1.5.19.RELEASE\spring-boot-starter-1.5.19.RELEASE.jar;C:\Users\dhandapani.sudhakar\.m2\repository\org\springframework\boot\spring-boot\1.5.19.RELEASE\spring-boot-1.5.19.RELEASE.jar;C:\Users\dhandapani.sudhakar\.m2\repository\org\springframework\boot\spring-boot-autoconfigure\1.5.19.RELEASE\spring-boot-autoconfigure-1.5.19.RELEASE.jar;C:\Users\dhandapani.sudhakar\.m2\repository\org\springframework\boot\spring-boot-starter-logging\1.5.19.RELEASE\spring-boot-starter-logging-1.5.19.RELEASE.jar;C:\Users\dhandapani.sudhakar\.m2\repository\ch\qos\logback\logback-classic\1.1.11\logback-classic-1.1.11.jar;C:\Users\dhandapani.sudhakar\.m2\repository\ch\qos\logback\logback-core\1.1.11\logback-core-1.1.11.jar;C:\Users\dhandapani.sudhakar\.m2\repository\org\slf4j\jul-to-slf4j\1.7.25\jul-to-slf4j-1.7.25.jar;C:\Users\dhandapani.sudhakar\.m2\repository\org\slf4j\log4j-over-slf4j\1.7.25\log4j-over-slf4j-1.7.25.jar;C:\Users\dhandapani.sudhakar\.m2\repository\org\yaml\snakeyaml\1.17\snakeyaml-1.17.jar;C:\Users\dhandapani.sudhakar\.m2\repository\org\springframework\boot\spring-boot-starter-tomcat\1.5.19.RELEASE\spring-boot-starter-tomcat-1.5.19.RELEASE.jar;C:\Users\dhandapani.sudhakar\.m2\repository\org\apache\tomcat\embed\tomcat-embed-core\8.5.37\tomcat-embed-core-8.5.37.jar;C:\Users\dhandapani.sudhakar\.m2\repository\org\apache\tomcat\tomcat-annotations-api\8.5.37\tomcat-annotations-api-8.5.37.jar;C:\Users\dhandapani.sudhakar\.m2\repository\org\apache\tomcat\embed\tomcat-embed-el\8.5.37\tomcat-embed-el-8.5.37.jar;C:\Users\dhandapani.sudhakar\.m2\repository\org\apache\tomcat\embed\tomcat-embed-websocket\8.5.37\tomcat-embed-websocket-8.5.37.jar;C:\Users\dhandapani.sudhakar\.m2\repository\org\hibernate\hibernate-validator\5.3.6.Final\hibernate-validator-5.3.6.Final.jar;C:\Users\dhandapani.sudhakar\.m2\repository\javax\validation\validation-api\1.1.0.Final\validation-api-1.1.0.Final.jar;C:\Users\dhandapani.sudhakar\.m2\repository\org\jboss\logging\jboss-logging\3.3.2.Final\jboss-logging-3.3.2.Final.jar;C:\Users\dhandapani.sudhakar\.m2\repository\com\fasterxml\classmate\1.3.4\classmate-1.3.4.jar;C:\Users\dhandapani.sudhakar\.m2\repository\com\fasterxml\jackson\core\jackson-databind\2.8.11.3\jackson-databind-2.8.11.3.jar;C:\Users\dhandapani.sudhakar\.m2\repository\com\fasterxml\jackson\core\jackson-annotations\2.8.0\jackson-annotations-2.8.0.jar;C:\Users\dhandapani.sudhakar\.m2\repository\com\fasterxml\jackson\core\jackson-core\2.8.11\jackson-core-2.8.11.jar;C:\Users\dhandapani.sudhakar\.m2\repository\org\springframework\spring-web\4.3.22.RELEASE\spring-web-4.3.22.RELEASE.jar;C:\Users\dhandapani.sudhakar\.m2\repository\org\springframework\spring-aop\4.3.22.RELEASE\spring-aop-4.3.22.RELEASE.jar;C:\Users\dhandapani.sudhakar\.m2\repository\org\springframework\spring-beans\4.3.22.RELEASE\spring-beans-4.3.22.RELEASE.jar;C:\Users\dhandapani.sudhakar\.m2\repository\org\springframework\spring-context\4.3.22.RELEASE\spring-context-4.3.22.RELEASE.jar;C:\Users\dhandapani.sudhakar\.m2\repository\org\springframework\spring-webmvc\4.3.22.RELEASE\spring-webmvc-4.3.22.RELEASE.jar;C:\Users\dhandapani.sudhakar\.m2\repository\org\springframework\spring-expression\4.3.22.RELEASE\spring-expression-4.3.22.RELEASE.jar;C:\Users\dhandapani.sudhakar\.m2\repository\org\springframework\boot\spring-boot-starter-data-jpa\1.5.19.RELEASE\spring-boot-starter-data-jpa-1.5.19.RELEASE.jar;C:\Users\dhandapani.sudhakar\.m2\repository\org\springframework\boot\spring-boot-starter-aop\1.5.19.RELEASE\spring-boot-starter-aop-1.5.19.RELEASE.jar;C:\Users\dhandapani.sudhakar\.m2\repository\org\aspectj\aspectjweaver\1.8.13\aspectjweaver-1.8.13.jar;C:\Users\dhandapani.sudhakar\.m2\repository\org\springframework\boot\spring-boot-starter-jdbc\1.5.19.RELEASE\spring-boot-starter-jdbc-1.5.19.RELEASE.jar;C:\Users\dhandapani.sudhakar\.m2\repository\org\apache\tomcat\tomcat-jdbc\8.5.37\tomcat-jdbc-8.5.37.jar;C:\Users\dhandapani.sudhakar\.m2\repository\org\apache\tomcat\tomcat-juli\8.5.37\tomcat-juli-8.5.37.jar;C:\Users\dhandapani.sudhakar\.m2\repository\org\springframework\spring-jdbc\4.3.22.RELEASE\spring-jdbc-4.3.22.RELEASE.jar;C:\Users\dhandapani.sudhakar\.m2\repository\org\hibernate\hibernate-core\5.0.12.Final\hibernate-core-5.0.12.Final.jar;C:\Users\dhandapani.sudhakar\.m2\repository\org\hibernate\javax\persistence\hibernate-jpa-2.1-api\1.0.0.Final\hibernate-jpa-2.1-api-1.0.0.Final.jar;C:\Users\dhandapani.sudhakar\.m2\repository\org\javassist\javassist\3.21.0-GA\javassist-3.21.0-GA.jar;C:\Users\dhandapani.sudhakar\.m2\repository\antlr\antlr\2.7.7\antlr-2.7.7.jar;C:\Users\dhandapani.sudhakar\.m2\repository\org\jboss\jandex\2.0.0.Final\jandex-2.0.0.Final.jar;C:\Users\dhandapani.sudhakar\.m2\repository\dom4j\dom4j\1.6.1\dom4j-1.6.1.jar;C:\Users\dhandapani.sudhakar\.m2\repository\org\hibernate\common\hibernate-commons-annotations\5.0.1.Final\hibernate-commons-annotations-5.0.1.Final.jar;C:\Users\dhandapani.sudhakar\.m2\repository\org\hibernate\hibernate-entitymanager\5.0.12.Final\hibernate-entitymanager-5.0.12.Final.jar;C:\Users\dhandapani.sudhakar\.m2\repository\javax\transaction\javax.transaction-api\1.2\javax.transaction-api-1.2.jar;C:\Users\dhandapani.sudhakar\.m2\repository\org\springframework\data\spring-data-jpa\1.11.18.RELEASE\spring-data-jpa-1.11.18.RELEASE.jar;C:\Users\dhandapani.sudhakar\.m2\repository\org\springframework\data\spring-data-commons\1.13.18.RELEASE\spring-data-commons-1.13.18.RELEASE.jar;C:\Users\dhandapani.sudhakar\.m2\repository\org\springframework\spring-orm\4.3.22.RELEASE\spring-orm-4.3.22.RELEASE.jar;C:\Users\dhandapani.sudhakar\.m2\repository\org\springframework\spring-tx\4.3.22.RELEASE\spring-tx-4.3.22.RELEASE.jar;C:\Users\dhandapani.sudhakar\.m2\repository\org\slf4j\slf4j-api\1.7.25\slf4j-api-1.7.25.jar;C:\Users\dhandapani.sudhakar\.m2\repository\org\slf4j\jcl-over-slf4j\1.7.25\jcl-over-slf4j-1.7.25.jar;C:\Users\dhandapani.sudhakar\.m2\repository\org\springframework\spring-aspects\4.3.22.RELEASE\spring-aspects-4.3.22.RELEASE.jar;C:\Users\dhandapani.sudhakar\.m2\repository\mysql\mysql-connector-java\5.1.47\mysql-connector-java-5.1.47.jar;C:\Users\dhandapani.sudhakar\.m2\repository\org\springframework\boot\spring-boot-starter-test\1.5.19.RELEASE\spring-boot-starter-test-1.5.19.RELEASE.jar;C:\Users\dhandapani.sudhakar\.m2\repository\org\springframework\boot\spring-boot-test\1.5.19.RELEASE\spring-boot-test-1.5.19.RELEASE.jar;C:\Users\dhandapani.sudhakar\.m2\repository\org\springframework\boot\spring-boot-test-autoconfigure\1.5.19.RELEASE\spring-boot-test-autoconfigure-1.5.19.RELEASE.jar;C:\Users\dhandapani.sudhakar\.m2\repository\com\jayway\jsonpath\json-path\2.2.0\json-path-2.2.0.jar;C:\Users\dhandapani.sudhakar\.m2\repository\net\minidev\json-smart\2.2.1\json-smart-2.2.1.jar;C:\Users\dhandapani.sudhakar\.m2\repository\net\minidev\accessors-smart\1.1\accessors-smart-1.1.jar;C:\Users\dhandapani.sudhakar\.m2\repository\org\ow2\asm\asm\5.0.3\asm-5.0.3.jar;C:\Users\dhandapani.sudhakar\.m2\repository\junit\junit\4.12\junit-4.12.jar;C:\Users\dhandapani.sudhakar\.m2\repository\org\assertj\assertj-core\2.6.0\assertj-core-2.6.0.jar;C:\Users\dhandapani.sudhakar\.m2\repository\org\mockito\mockito-core\1.10.19\mockito-core-1.10.19.jar;C:\Users\dhandapani.sudhakar\.m2\repository\org\objenesis\objenesis\2.1\objenesis-2.1.jar;C:\Users\dhandapani.sudhakar\.m2\repository\org\hamcrest\hamcrest-core\1.3\hamcrest-core-1.3.jar;C:\Users\dhandapani.sudhakar\.m2\repository\org\hamcrest\hamcrest-library\1.3\hamcrest-library-1.3.jar;C:\Users\dhandapani.sudhakar\.m2\repository\org\skyscreamer\jsonassert\1.4.0\jsonassert-1.4.0.jar;C:\Users\dhandapani.sudhakar\.m2\repository\com\vaadin\external\google\android-json\0.0.20131108.vaadin1\android-json-0.0.20131108.vaadin1.jar;C:\Users\dhandapani.sudhakar\.m2\repository\org\springframework\spring-core\4.3.22.RELEASE\spring-core-4.3.22.RELEASE.jar;C:\Users\dhandapani.sudhakar\.m2\repository\org\springframework\spring-test\4.3.22.RELEASE\spring-test-4.3.22.RELEASE.jar;, user.name=dhandapani.sudhakar, java.vm.specification.version=1.8, sun.java.command=C:\Users\dhandapani.sudhakar\Microservices\spring-boot-09-hibernate-integration\target\surefire\surefirebooter6364015192429314885.jar C:\Users\dhandapani.sudhakar\Microservices\spring-boot-09-hibernate-integration\target\surefire\surefire3789335978136122211tmp C:\Users\dhandapani.sudhakar\Microservices\spring-boot-09-hibernate-integration\target\surefire\surefire_05045841638661863649tmp, java.home=C:\Program Files\Java\jdk1.8.0_181\jre, sun.arch.data.model=64, user.language=en, java.specification.vendor=Oracle Corporation, awt.toolkit=sun.awt.windows.WToolkit, java.vm.info=mixed mode, java.version=1.8.0_181, java.ext.dirs=C:\Program Files\Java\jdk1.8.0_181\jre\lib\ext;C:\WINDOWS\Sun\Java\lib\ext, sun.boot.class.path=C:\Program Files\Java\jdk1.8.0_181\jre\lib\resources.jar;C:\Program Files\Java\jdk1.8.0_181\jre\lib\rt.jar;C:\Program Files\Java\jdk1.8.0_181\jre\lib\sunrsasign.jar;C:\Program Files\Java\jdk1.8.0_181\jre\lib\jsse.jar;C:\Program Files\Java\jdk1.8.0_181\jre\lib\jce.jar;C:\Program Files\Java\jdk1.8.0_181\jre\lib\charsets.jar;C:\Program Files\Java\jdk1.8.0_181\jre\lib\jfr.jar;C:\Program Files\Java\jdk1.8.0_181\jre\classes, java.vendor=Oracle Corporation, localRepository=C:\Users\dhandapani.sudhakar\.m2\repository, file.separator=\, java.vendor.url.bug=http://bugreport.sun.com/bugreport/, sun.io.unicode.encoding=UnicodeLittle, sun.cpu.endian=little, sun.desktop=windows, sun.cpu.isalist=amd64}}, SystemEnvironmentPropertySource@195615004 {name='systemEnvironment', properties={PATH=C:/Program Files/Java/jre1.8.0_191/bin/server;C:/Program Files/Java/jre1.8.0_191/bin;C:/Program Files/Java/jre1.8.0_191/lib/amd64;C:\Program Files (x86)\Common Files\Oracle\Java\javapath;C:\apache-maven-3.5.4\bin\SYSTEM;C:\windows\system32\config\systemprofile\AppData\Local\Microsoft\WindowsApps;C:\windows\System32\Wbem;C:\Program Files\Java\jdk1.8.0_181\bin;C:\Program Files\Git\cmd;C:\WINDOWS\system32;C:\WINDOWS;C:\WINDOWS\System32\Wbem;C:\WINDOWS\System32\WindowsPowerShell\v1.0\;C:\WINDOWS\System32\OpenSSH\;C:\Program Files\nodejs\;C:\Program Files (x86)\Yarn\bin\;C:\Program Files (x86)\sbt\bin;C:\Program Files (x86)\scala\bin;C:\apache-maven-3.5.4\bin;C:\Users\dhandapani.sudhakar\AppData\Local\GitHubDesktop\bin;C:\Users\dhandapani.sudhakar\AppData\Local\Microsoft\WindowsApps;C:\Users\dhandapani.sudhakar\AppData\Roaming\npm;C:\Users\dhandapani.sudhakar\AppData\Local\Yarn\bin;C:\Users\dhandapani.sudhakar\AppData\Local\Programs\Microsoft VS Code\bin;C:\Users\dhandapani.sudhakar\Softwares\eclipse-jee-oxygen-M2-win32-x86_64\eclipse;, USERDOMAIN_ROAMINGPROFILE=DIR, LOCALAPPDATA=C:\Users\dhandapani.sudhakar\AppData\Local, PROCESSOR_LEVEL=6, SYSTEMDRIVE=C:, COMMONPROGRAMFILES(X86)=C:\Program Files (x86)\Common Files, USERDOMAIN=DIR, FPS_BROWSER_APP_PROFILE_STRING=Internet Explorer, LOGONSERVER=\\AMRDC4212, JAVA_HOME=C:\Program Files\Java\jdk1.8.0_181, PROMPT=$P$G, SESSIONNAME=Console, ALLUSERSPROFILE=C:\ProgramData, PROGRAMFILES(X86)=C:\Program Files (x86), PROCESSOR_ARCHITECTURE=AMD64, DRIVERDATA=C:\Windows\System32\Drivers\DriverData, MAVEN_HOME=C:\apache-maven-3.5.4, PROGRAMFILES=C:\Program Files, =C:=C:\Users\dhandapani.sudhakar\Microservices\spring-boot-09-hibernate-integration, APPDATA=C:\Users\dhandapani.sudhakar\AppData\Roaming, PSMODULEPATH=C:\Program Files\WindowsPowerShell\Modules;C:\WINDOWS\system32\WindowsPowerShell\v1.0\Modules;C:\Program Files (x86)\Microsoft Azure Information Protection\Powershell, PROGRAMW6432=C:\Program Files, PROGRAMDATA=C:\ProgramData, SYSTEMROOT=C:\WINDOWS, USERNAME=dhandapani.sudhakar, USERDNSDOMAIN=DIR.SVC.ACCENTURE.COM, FPS_BROWSER_USER_PROFILE_STRING=Default, ONEDRIVE=C:\Users\dhandapani.sudhakar\OneDrive, PATHEXT=.COM;.EXE;.BAT;.CMD;.VBS;.VBE;.JS;.JSE;.WSF;.WSH;.MSC, OS=Windows_NT, COMMONPROGRAMW6432=C:\Program Files\Common Files, COMPUTERNAME=BDC4-D-1PS4N62, COMMONPROGRAMFILES=C:\Program Files\Common Files, COMSPEC=C:\WINDOWS\system32\cmd.exe, SBT_HOME=C:\Program Files (x86)\sbt\, PROCESSOR_REVISION=3c03, UATDATA=C:\windows\CCM\UATData\D9F8C395-CAB8-491d-B8AC-179A1FE1BE77, WINDIR=C:\WINDOWS, HOMEPATH=\Users\dhandapani.sudhakar, TEMP=C:\Users\DHANDA~1.SUD\AppData\Local\Temp, HOMEDRIVE=C:, PROCESSOR_IDENTIFIER=Intel64 Family 6 Model 60 Stepping 3, GenuineIntel, USERPROFILE=C:\Users\dhandapani.sudhakar, TMP=C:\Users\DHANDA~1.SUD\AppData\Local\Temp, M2_HOME=C:\apache-maven-3.5.4, PUBLIC=C:\Users\Public, NUMBER_OF_PROCESSORS=4, =::=::\}}]
17:49:38.160 [main] INFO org.springframework.boot.test.context.SpringBootTestContextBootstrapper - Found @SpringBootConfiguration com.sakdd.springboot.SpringBoot09HibernateIntegrationApplication for test class com.sakdd.springboot.SpringBoot09HibernateIntegrationApplicationTests
17:49:38.164 [main] DEBUG org.springframework.boot.test.context.SpringBootTestContextBootstrapper - @TestExecutionListeners is not present for class [com.sakdd.springboot.SpringBoot09HibernateIntegrationApplicationTests]: using defaults.
17:49:38.175 [main] INFO org.springframework.boot.test.context.SpringBootTestContextBootstrapper - Loaded default TestExecutionListener class names from location [META-INF/spring.factories]: [org.springframework.boot.test.mock.mockito.MockitoTestExecutionListener, org.springframework.boot.test.mock.mockito.ResetMocksTestExecutionListener, org.springframework.boot.test.autoconfigure.restdocs.RestDocsTestExecutionListener, org.springframework.boot.test.autoconfigure.web.client.MockRestServiceServerResetTestExecutionListener, org.springframework.boot.test.autoconfigure.web.servlet.MockMvcPrintOnlyOnFailureTestExecutionListener, org.springframework.boot.test.autoconfigure.web.servlet.WebDriverTestExecutionListener, org.springframework.test.context.web.ServletTestExecutionListener, org.springframework.test.context.support.DirtiesContextBeforeModesTestExecutionListener, org.springframework.test.context.support.DependencyInjectionTestExecutionListener, org.springframework.test.context.support.DirtiesContextTestExecutionListener, org.springframework.test.context.transaction.TransactionalTestExecutionListener, org.springframework.test.context.jdbc.SqlScriptsTestExecutionListener]
17:49:38.185 [main] INFO org.springframework.boot.test.context.SpringBootTestContextBootstrapper - Using TestExecutionListeners: [org.springframework.test.context.web.ServletTestExecutionListener@770c2e6b, org.springframework.test.context.support.DirtiesContextBeforeModesTestExecutionListener@1a052a00, org.springframework.boot.test.mock.mockito.MockitoTestExecutionListener@4d826d77, org.springframework.boot.test.autoconfigure.SpringBootDependencyInjectionTestExecutionListener@61009542, org.springframework.test.context.support.DirtiesContextTestExecutionListener@77e9807f, org.springframework.test.context.transaction.TransactionalTestExecutionListener@448ff1a8, org.springframework.test.context.jdbc.SqlScriptsTestExecutionListener@1a38c59b, org.springframework.boot.test.mock.mockito.ResetMocksTestExecutionListener@7f77e91b, org.springframework.boot.test.autoconfigure.restdocs.RestDocsTestExecutionListener@44a664f2, org.springframework.boot.test.autoconfigure.web.client.MockRestServiceServerResetTestExecutionListener@7f9fcf7f, org.springframework.boot.test.autoconfigure.web.servlet.MockMvcPrintOnlyOnFailureTestExecutionListener@2357d90a, org.springframework.boot.test.autoconfigure.web.servlet.WebDriverTestExecutionListener@6328d34a]
17:49:38.185 [main] DEBUG org.springframework.test.annotation.ProfileValueUtils - Retrieved @ProfileValueSourceConfiguration [null] for test class [com.sakdd.springboot.SpringBoot09HibernateIntegrationApplicationTests]
17:49:38.185 [main] DEBUG org.springframework.test.annotation.ProfileValueUtils - Retrieved ProfileValueSource type [class org.springframework.test.annotation.SystemProfileValueSource] for class [com.sakdd.springboot.SpringBoot09HibernateIntegrationApplicationTests]
17:49:38.186 [main] DEBUG org.springframework.test.annotation.ProfileValueUtils - Retrieved @ProfileValueSourceConfiguration [null] for test class [com.sakdd.springboot.SpringBoot09HibernateIntegrationApplicationTests]
17:49:38.186 [main] DEBUG org.springframework.test.annotation.ProfileValueUtils - Retrieved ProfileValueSource type [class org.springframework.test.annotation.SystemProfileValueSource] for class [com.sakdd.springboot.SpringBoot09HibernateIntegrationApplicationTests]
[...]
.sudhakar\.m2\repository\net\minidev\json-smart\2.2.1\json-smart-2.2.1.jar;C:\Users\dhandapani.sudhakar\.m2\repository\net\minidev\accessors-smart\1.1\accessors-smart-1.1.jar;C:\Users\dhandapani.sudhakar\.m2\repository\org\ow2\asm\asm\5.0.3\asm-5.0.3.jar;C:\Users\dhandapani.sudhakar\.m2\repository\junit\junit\4.12\junit-4.12.jar;C:\Users\dhandapani.sudhakar\.m2\repository\org\assertj\assertj-core\2.6.0\assertj-core-2.6.0.jar;C:\Users\dhandapani.sudhakar\.m2\repository\org\mockito\mockito-core\1.10.19\mockito-core-1.10.19.jar;C:\Users\dhandapani.sudhakar\.m2\repository\org\objenesis\objenesis\2.1\objenesis-2.1.jar;C:\Users\dhandapani.sudhakar\.m2\repository\org\hamcrest\hamcrest-core\1.3\hamcrest-core-1.3.jar;C:\Users\dhandapani.sudhakar\.m2\repository\org\hamcrest\hamcrest-library\1.3\hamcrest-library-1.3.jar;C:\Users\dhandapani.sudhakar\.m2\repository\org\skyscreamer\jsonassert\1.4.0\jsonassert-1.4.0.jar;C:\Users\dhandapani.sudhakar\.m2\repository\com\vaadin\external\google\android-json\0.0.20131108.vaadin1\android-json-0.0.20131108.vaadin1.jar;C:\Users\dhandapani.sudhakar\.m2\repository\org\springframework\spring-core\4.3.22.RELEASE\spring-core-4.3.22.RELEASE.jar;C:\Users\dhandapani.sudhakar\.m2\repository\org\springframework\spring-test\4.3.22.RELEASE\spring-test-4.3.22.RELEASE.jar;, user.name=dhandapani.sudhakar, java.vm.specification.version=1.8, sun.java.command=C:\Users\dhandapani.sudhakar\Microservices\spring-boot-09-hibernate-integration\target\surefire\surefirebooter6364015192429314885.jar C:\Users\dhandapani.sudhakar\Microservices\spring-boot-09-hibernate-integration\target\surefire\surefire3789335978136122211tmp C:\Users\dhandapani.sudhakar\Microservices\spring-boot-09-hibernate-integration\target\surefire\surefire_05045841638661863649tmp, java.home=C:\Program Files\Java\jdk1.8.0_181\jre, sun.arch.data.model=64, user.language=en, java.specification.vendor=Oracle Corporation, awt.toolkit=sun.awt.windows.WToolkit, java.vm.info=mixed mode, java.version=1.8.0_181, java.ext.dirs=C:\Program Files\Java\jdk1.8.0_181\jre\lib\ext;C:\WINDOWS\Sun\Java\lib\ext, sun.boot.class.path=C:\Program Files\Java\jdk1.8.0_181\jre\lib\resources.jar;C:\Program Files\Java\jdk1.8.0_181\jre\lib\rt.jar;C:\Program Files\Java\jdk1.8.0_181\jre\lib\sunrsasign.jar;C:\Program Files\Java\jdk1.8.0_181\jre\lib\jsse.jar;C:\Program Files\Java\jdk1.8.0_181\jre\lib\jce.jar;C:\Program Files\Java\jdk1.8.0_181\jre\lib\charsets.jar;C:\Program Files\Java\jdk1.8.0_181\jre\lib\jfr.jar;C:\Program Files\Java\jdk1.8.0_181\jre\classes, java.vendor=Oracle Corporation, localRepository=C:\Users\dhandapani.sudhakar\.m2\repository, file.separator=\, java.vendor.url.bug=http://bugreport.sun.com/bugreport/, sun.io.unicode.encoding=UnicodeLittle, sun.cpu.endian=little, sun.desktop=windows, sun.cpu.isalist=amd64}}, SystemEnvironmentPropertySource@1099855928 {name='systemEnvironment', properties={PATH=C:/Program Files/Java/jre1.8.0_191/bin/server;C:/Program Files/Java/jre1.8.0_191/bin;C:/Program Files/Java/jre1.8.0_191/lib/amd64;C:\Program Files (x86)\Common Files\Oracle\Java\javapath;C:\apache-maven-3.5.4\bin\SYSTEM;C:\windows\system32\config\systemprofile\AppData\Local\Microsoft\WindowsApps;C:\windows\System32\Wbem;C:\Program Files\Java\jdk1.8.0_181\bin;C:\Program Files\Git\cmd;C:\WINDOWS\system32;C:\WINDOWS;C:\WINDOWS\System32\Wbem;C:\WINDOWS\System32\WindowsPowerShell\v1.0\;C:\WINDOWS\System32\OpenSSH\;C:\Program Files\nodejs\;C:\Program Files (x86)\Yarn\bin\;C:\Program Files (x86)\sbt\bin;C:\Program Files (x86)\scala\bin;C:\apache-maven-3.5.4\bin;C:\Users\dhandapani.sudhakar\AppData\Local\GitHubDesktop\bin;C:\Users\dhandapani.sudhakar\AppData\Local\Microsoft\WindowsApps;C:\Users\dhandapani.sudhakar\AppData\Roaming\npm;C:\Users\dhandapani.sudhakar\AppData\Local\Yarn\bin;C:\Users\dhandapani.sudhakar\AppData\Local\Programs\Microsoft VS Code\bin;C:\Users\dhandapani.sudhakar\Softwares\eclipse-jee-oxygen-M2-win32-x86_64\eclipse;, USERDOMAIN_ROAMINGPROFILE=DIR, LOCALAPPDATA=C:\Users\dhandapani.sudhakar\AppData\Local, PROCESSOR_LEVEL=6, SYSTEMDRIVE=C:, COMMONPROGRAMFILES(X86)=C:\Program Files (x86)\Common Files, USERDOMAIN=DIR, FPS_BROWSER_APP_PROFILE_STRING=Internet Explorer, LOGONSERVER=\\AMRDC4212, JAVA_HOME=C:\Program Files\Java\jdk1.8.0_181, PROMPT=$P$G, SESSIONNAME=Console, ALLUSERSPROFILE=C:\ProgramData, PROGRAMFILES(X86)=C:\Program Files (x86), PROCESSOR_ARCHITECTURE=AMD64, DRIVERDATA=C:\Windows\System32\Drivers\DriverData, MAVEN_HOME=C:\apache-maven-3.5.4, PROGRAMFILES=C:\Program Files, =C:=C:\Users\dhandapani.sudhakar\Microservices\spring-boot-09-hibernate-integration, APPDATA=C:\Users\dhandapani.sudhakar\AppData\Roaming, PSMODULEPATH=C:\Program Files\WindowsPowerShell\Modules;C:\WINDOWS\system32\WindowsPowerShell\v1.0\Modules;C:\Program Files (x86)\Microsoft Azure Information Protection\Powershell, PROGRAMW6432=C:\Program Files, PROGRAMDATA=C:\ProgramData, SYSTEMROOT=C:\WINDOWS, USERNAME=dhandapani.sudhakar, USERDNSDOMAIN=DIR.SVC.ACCENTURE.COM, FPS_BROWSER_USER_PROFILE_STRING=Default, ONEDRIVE=C:\Users\dhandapani.sudhakar\OneDrive, PATHEXT=.COM;.EXE;.BAT;.CMD;.VBS;.VBE;.JS;.JSE;.WSF;.WSH;.MSC, OS=Windows_NT, COMMONPROGRAMW6432=C:\Program Files\Common Files, COMPUTERNAME=BDC4-D-1PS4N62, COMMONPROGRAMFILES=C:\Program Files\Common Files, COMSPEC=C:\WINDOWS\system32\cmd.exe, SBT_HOME=C:\Program Files (x86)\sbt\, PROCESSOR_REVISION=3c03, UATDATA=C:\windows\CCM\UATData\D9F8C395-CAB8-491d-B8AC-179A1FE1BE77, WINDIR=C:\WINDOWS, HOMEPATH=\Users\dhandapani.sudhakar, TEMP=C:\Users\DHANDA~1.SUD\AppData\Local\Temp, HOMEDRIVE=C:, PROCESSOR_IDENTIFIER=Intel64 Family 6 Model 60 Stepping 3, GenuineIntel, USERPROFILE=C:\Users\dhandapani.sudhakar, TMP=C:\Users\DHANDA~1.SUD\AppData\Local\Temp, M2_HOME=C:\apache-maven-3.5.4, PUBLIC=C:\Users\Public, NUMBER_OF_PROCESSORS=4, =::=::\}}]
17:49:38.304 [main] DEBUG org.springframework.core.env.MutablePropertySources - Adding PropertySource 'inline' with highest search precedence
17:49:38.316 [main] DEBUG org.springframework.test.context.support.TestPropertySourceUtils - Adding inlined properties to environment: {spring.jmx.enabled=false, org.springframework.boot.test.context.SpringBootTestContextBootstrapper=true, server.port=-1}
17:49:38.316 [main] DEBUG org.springframework.core.env.StandardEnvironment - Adding PropertySource 'Inlined Test Properties' with highest search precedence

  .   ____          _            __ _ _
 /\\ / ___'_ __ _ _(_)_ __  __ _ \ \ \ \
( ( )\___ | '_ | '_| | '_ \/ _` | \ \ \ \
 \\/  ___)| |_)| | | | | || (_| |  ) ) ) )
  '  |____| .__|_| |_|_| |_\__, | / / / /
 =========|_|==============|___/=/_/_/_/
 :: Spring Boot ::       (v1.5.19.RELEASE)

2019-03-05 17:49:38.931  INFO 5848 --- [           main] ot09HibernateIntegrationApplicationTests : Starting SpringBoot09HibernateIntegrationApplicationTests on BDC4-D-1PS4N62 with PID 5848 (started by dhandapani.sudhakar in C:\Users\dhandapani.sudhakar\Microservices\spring-boot-09-hibernate-integration)
2019-03-05 17:49:38.933  INFO 5848 --- [           main] ot09HibernateIntegrationApplicationTests : No active profile set, falling back to default profiles: default
2019-03-05 17:49:39.060  INFO 5848 --- [           main] o.s.w.c.s.GenericWebApplicationContext   : Refreshing org.springframework.web.context.support.GenericWebApplicationContext@693fe6c9: startup date [Tue Mar 05 17:49:39 IST 2019]; root of context hierarchy
2019-03-05 17:49:41.343  INFO 5848 --- [           main] trationDelegate$BeanPostProcessorChecker : Bean 'org.springframework.transaction.annotation.ProxyTransactionManagementConfiguration' of type [org.springframework.transaction.annotation.ProxyTransactionManagementConfiguration$$EnhancerBySpringCGLIB$$82ffe3a4] is not eligible for getting processed by all BeanPostProcessors (for example: not eligible for auto-proxying)
2019-03-05 17:49:41.465  INFO 5848 --- [           main] o.s.j.d.DriverManagerDataSource          : Loaded JDBC driver: com.mysql.jdbc.Driver
2019-03-05 17:49:42.727  INFO 5848 --- [           main] j.LocalContainerEntityManagerFactoryBean : Building JPA container EntityManagerFactory for persistence unit 'default'
2019-03-05 17:49:42.768  INFO 5848 --- [           main] o.hibernate.jpa.internal.util.LogHelper  : HHH000204: Processing PersistenceUnitInfo [
	name: default
	...]
2019-03-05 17:49:42.993  INFO 5848 --- [           main] org.hibernate.Version                    : HHH000412: Hibernate Core {5.0.12.Final}
2019-03-05 17:49:42.999  INFO 5848 --- [           main] org.hibernate.cfg.Environment            : HHH000206: hibernate.properties not found
2019-03-05 17:49:43.003  INFO 5848 --- [           main] org.hibernate.cfg.Environment            : HHH000021: Bytecode provider name : javassist
2019-03-05 17:49:43.128  INFO 5848 --- [           main] o.hibernate.annotations.common.Version   : HCANN000001: Hibernate Commons Annotations {5.0.1.Final}
2019-03-05 17:49:43.412  INFO 5848 --- [           main] org.hibernate.dialect.Dialect            : HHH000400: Using dialect: org.hibernate.dialect.MySQL5Dialect
2019-03-05 17:49:45.165  INFO 5848 --- [           main] j.LocalContainerEntityManagerFactoryBean : Initialized JPA EntityManagerFactory for persistence unit 'default'
2019-03-05 17:49:45.202  WARN 5848 --- [           main] o.s.w.c.s.GenericWebApplicationContext   : Exception encountered during context initialization - cancelling refresh attempt: org.springframework.beans.factory.UnsatisfiedDependencyException: Error creating bean with name 'studentController': Unsatisfied dependency expressed through field 'studentService'; nested exception is org.springframework.beans.factory.NoSuchBeanDefinitionException: No qualifying bean of type 'com.sakdd.springboot.service.StudentService' available: expected at least 1 bean which qualifies as autowire candidate. Dependency annotations: {@org.springframework.beans.factory.annotation.Autowired(required=true)}
2019-03-05 17:49:45.202  INFO 5848 --- [           main] j.LocalContainerEntityManagerFactoryBean : Closing JPA EntityManagerFactory for persistence unit 'default'
2019-03-05 17:49:45.215  INFO 5848 --- [           main] utoConfigurationReportLoggingInitializer : 

Error starting ApplicationContext. To display the auto-configuration report re-run your application with 'debug' enabled.
2019-03-05 17:49:45.464 ERROR 5848 --- [           main] o.s.b.d.LoggingFailureAnalysisReporter   : 

***************************
APPLICATION FAILED TO START
***************************

Description:

Field studentService in com.sakdd.springboot.controller.StudentController required a bean of type 'com.sakdd.springboot.service.StudentService' that could not be found.


Action:

Consider defining a bean of type 'com.sakdd.springboot.service.StudentService' in your configuration.

2019-03-05 17:49:45.479 ERROR 5848 --- [           main] o.s.test.context.TestContextManager      : Caught exception while allowing TestExecutionListener [org.springframework.test.context.web.ServletTestExecutionListener@770c2e6b] to prepare test instance [com.sakdd.springboot.SpringBoot09HibernateIntegrationApplicationTests@2d85fb64]

java.lang.IllegalStateException: Failed to load ApplicationContext
	at org.springframework.test.context.cache.DefaultCacheAwareContextLoaderDelegate.loadContext(DefaultCacheAwareContextLoaderDelegate.java:124) ~[spring-test-4.3.22.RELEASE.jar:4.3.22.RELEASE]
	at org.springframework.test.context.support.DefaultTestContext.getApplicationContext(DefaultTestContext.java:83) ~[spring-test-4.3.22.RELEASE.jar:4.3.22.RELEASE]
	at org.springframework.test.context.web.ServletTestExecutionListener.setUpRequestContextIfNecessary(ServletTestExecutionListener.java:189) ~[spring-test-4.3.22.RELEASE.jar:4.3.22.RELEASE]
	at org.springframework.test.context.web.ServletTestExecutionListener.prepareTestInstance(ServletTestExecutionListener.java:131) ~[spring-test-4.3.22.RELEASE.jar:4.3.22.RELEASE]
	at org.springframework.test.context.TestContextManager.prepareTestInstance(TestContextManager.java:230) ~[spring-test-4.3.22.RELEASE.jar:4.3.22.RELEASE]
	at org.springframework.test.context.junit4.SpringJUnit4ClassRunner.createTest(SpringJUnit4ClassRunner.java:228) [spring-test-4.3.22.RELEASE.jar:4.3.22.RELEASE]
	at org.springframework.test.context.junit4.SpringJUnit4ClassRunner$1.runReflectiveCall(SpringJUnit4ClassRunner.java:287) [spring-test-4.3.22.RELEASE.jar:4.3.22.RELEASE]
	at org.junit.internal.runners.model.ReflectiveCallable.run(ReflectiveCallable.java:12) [junit-4.12.jar:4.12]
	at org.springframework.test.context.junit4.SpringJUnit4ClassRunner.methodBlock(SpringJUnit4ClassRunner.java:289) [spring-test-4.3.22.RELEASE.jar:4.3.22.RELEASE]
	at org.springframework.test.context.junit4.SpringJUnit4ClassRunner.runChild(SpringJUnit4ClassRunner.java:247) [spring-test-4.3.22.RELEASE.jar:4.3.22.RELEASE]
	at org.springframework.test.context.junit4.SpringJUnit4ClassRunner.runChild(SpringJUnit4ClassRunner.java:94) [spring-test-4.3.22.RELEASE.jar:4.3.22.RELEASE]
	at org.junit.runners.ParentRunner$3.run(ParentRunner.java:290) [junit-4.12.jar:4.12]
	at org.junit.runners.ParentRunner$1.schedule(ParentRunner.java:71) [junit-4.12.jar:4.12]
	at org.junit.runners.ParentRunner.runChildren(ParentRunner.java:288) [junit-4.12.jar:4.12]
	at org.junit.runners.ParentRunner.access$000(ParentRunner.java:58) [junit-4.12.jar:4.12]
	at org.junit.runners.ParentRunner$2.evaluate(ParentRunner.java:268) [junit-4.12.jar:4.12]
	at org.springframework.test.context.junit4.statements.RunBeforeTestClassCallbacks.evaluate(RunBeforeTestClassCallbacks.java:61) [spring-test-4.3.22.RELEASE.jar:4.3.22.RELEASE]
	at org.springframework.test.context.junit4.statements.RunAfterTestClassCallbacks.evaluate(RunAfterTestClassCallbacks.java:70) [spring-test-4.3.22.RELEASE.jar:4.3.22.RELEASE]
	at org.junit.runners.ParentRunner.run(ParentRunner.java:363) [junit-4.12.jar:4.12]
	at org.springframework.test.context.junit4.SpringJUnit4ClassRunner.run(SpringJUnit4ClassRunner.java:191) [spring-test-4.3.22.RELEASE.jar:4.3.22.RELEASE]
	at org.apache.maven.surefire.junit4.JUnit4Provider.execute(JUnit4Provider.java:283) [surefire-junit4-2.18.1.jar:2.18.1]
	at org.apache.maven.surefire.junit4.JUnit4Provider.executeWithRerun(JUnit4Provider.java:173) [surefire-junit4-2.18.1.jar:2.18.1]
	at org.apache.maven.surefire.junit4.JUnit4Provider.executeTestSet(JUnit4Provider.java:153) [surefire-junit4-2.18.1.jar:2.18.1]
	at org.apache.maven.surefire.junit4.JUnit4Provider.invoke(JUnit4Provider.java:128) [surefire-junit4-2.18.1.jar:2.18.1]
	at org.apache.maven.surefire.booter.ForkedBooter.invokeProviderInSameClassLoader(ForkedBooter.java:203) [surefire-booter-2.18.1.jar:2.18.1]
	at org.apache.maven.surefire.booter.ForkedBooter.runSuitesInProcess(ForkedBooter.java:155) [surefire-booter-2.18.1.jar:2.18.1]
	at org.apache.maven.surefire.booter.ForkedBooter.main(ForkedBooter.java:103) [surefire-booter-2.18.1.jar:2.18.1]
Caused by: org.springframework.beans.factory.UnsatisfiedDependencyException: Error creating bean with name 'studentController': Unsatisfied dependency expressed through field 'studentService'; nested exception is org.springframework.beans.factory.NoSuchBeanDefinitionException: No qualifying bean of type 'com.sakdd.springboot.service.StudentService' available: expected at least 1 bean which qualifies as autowire candidate. Dependency annotations: {@org.springframework.beans.factory.annotation.Autowired(required=true)}
	at org.springframework.beans.factory.annotation.AutowiredAnnotationBeanPostProcessor$AutowiredFieldElement.inject(AutowiredAnnotationBeanPostProcessor.java:586) ~[spring-beans-4.3.22.RELEASE.jar:4.3.22.RELEASE]
	at org.springframework.beans.factory.annotation.InjectionMetadata.inject(InjectionMetadata.java:87) ~[spring-beans-4.3.22.RELEASE.jar:4.3.22.RELEASE]
	at org.springframework.beans.factory.annotation.AutowiredAnnotationBeanPostProcessor.postProcessPropertyValues(AutowiredAnnotationBeanPostProcessor.java:364) ~[spring-beans-4.3.22.RELEASE.jar:4.3.22.RELEASE]
	at org.springframework.beans.factory.support.AbstractAutowireCapableBeanFactory.populateBean(AbstractAutowireCapableBeanFactory.java:1269) ~[spring-beans-4.3.22.RELEASE.jar:4.3.22.RELEASE]
	at org.springframework.beans.factory.support.AbstractAutowireCapableBeanFactory.doCreateBean(AbstractAutowireCapableBeanFactory.java:551) ~[spring-beans-4.3.22.RELEASE.jar:4.3.22.RELEASE]
	at org.springframework.beans.factory.support.AbstractAutowireCapableBeanFactory.createBean(AbstractAutowireCapableBeanFactory.java:481) ~[spring-beans-4.3.22.RELEASE.jar:4.3.22.RELEASE]
	at org.springframework.beans.factory.support.AbstractBeanFactory$1.getObject(AbstractBeanFactory.java:312) ~[spring-beans-4.3.22.RELEASE.jar:4.3.22.RELEASE]
	at org.springframework.beans.factory.support.DefaultSingletonBeanRegistry.getSingleton(DefaultSingletonBeanRegistry.java:230) ~[spring-beans-4.3.22.RELEASE.jar:4.3.22.RELEASE]
	at org.springframework.beans.factory.support.AbstractBeanFactory.doGetBean(AbstractBeanFactory.java:308) ~[spring-beans-4.3.22.RELEASE.jar:4.3.22.RELEASE]
	at org.springframework.beans.factory.support.AbstractBeanFactory.getBean(AbstractBeanFactory.java:197) ~[spring-beans-4.3.22.RELEASE.jar:4.3.22.RELEASE]
	at org.springframework.beans.factory.support.DefaultListableBeanFactory.preInstantiateSingletons(DefaultListableBeanFactory.java:761) ~[spring-beans-4.3.22.RELEASE.jar:4.3.22.RELEASE]
	at org.springframework.context.support.AbstractApplicationContext.finishBeanFactoryInitialization(AbstractApplicationContext.java:867) ~[spring-context-4.3.22.RELEASE.jar:4.3.22.RELEASE]
	at org.springframework.context.support.AbstractApplicationContext.refresh(AbstractApplicationContext.java:543) ~[spring-context-4.3.22.RELEASE.jar:4.3.22.RELEASE]
	at org.springframework.boot.SpringApplication.refresh(SpringApplication.java:693) ~[spring-boot-1.5.19.RELEASE.jar:1.5.19.RELEASE]
	at org.springframework.boot.SpringApplication.refreshContext(SpringApplication.java:360) ~[spring-boot-1.5.19.RELEASE.jar:1.5.19.RELEASE]
	at org.springframework.boot.SpringApplication.run(SpringApplication.java:303) ~[spring-boot-1.5.19.RELEASE.jar:1.5.19.RELEASE]
	at org.springframework.boot.test.context.SpringBootContextLoader.loadContext(SpringBootContextLoader.java:121) ~[spring-boot-test-1.5.19.RELEASE.jar:1.5.19.RELEASE]
	at org.springframework.test.context.cache.DefaultCacheAwareContextLoaderDelegate.loadContextInternal(DefaultCacheAwareContextLoaderDelegate.java:98) ~[spring-test-4.3.22.RELEASE.jar:4.3.22.RELEASE]
	at org.springframework.test.context.cache.DefaultCacheAwareContextLoaderDelegate.loadContext(DefaultCacheAwareContextLoaderDelegate.java:116) ~[spring-test-4.3.22.RELEASE.jar:4.3.22.RELEASE]
	... 26 common frames omitted
Caused by: org.springframework.beans.factory.NoSuchBeanDefinitionException: No qualifying bean of type 'com.sakdd.springboot.service.StudentService' available: expected at least 1 bean which qualifies as autowire candidate. Dependency annotations: {@org.springframework.beans.factory.annotation.Autowired(required=true)}
	at org.springframework.beans.factory.support.DefaultListableBeanFactory.raiseNoMatchingBeanFound(DefaultListableBeanFactory.java:1491) ~[spring-beans-4.3.22.RELEASE.jar:4.3.22.RELEASE]
	at org.springframework.beans.factory.support.DefaultListableBeanFactory.doResolveDependency(DefaultListableBeanFactory.java:1102) ~[spring-beans-4.3.22.RELEASE.jar:4.3.22.RELEASE]
	at org.springframework.beans.factory.support.DefaultListableBeanFactory.resolveDependency(DefaultListableBeanFactory.java:1064) ~[spring-beans-4.3.22.RELEASE.jar:4.3.22.RELEASE]
	at org.springframework.beans.factory.annotation.AutowiredAnnotationBeanPostProcessor$AutowiredFieldElement.inject(AutowiredAnnotationBeanPostProcessor.java:583) ~[spring-beans-4.3.22.RELEASE.jar:4.3.22.RELEASE]
	... 44 common frames omitted

]]></system-out>
  </testcase>
</testsuite>